MARCA DO VEICULO: VW
MODELO DO VEICULO: GOL 1.0
ANO DE FABRICACAO: 2004
NOME DA CIDADE: NAO PREENCHIDO
QUANTIDADE DE VEICULOS: 38

MARCA DO VEICULO: NAO PREENCHIDO
MODELO DO VEICULO: GOL 1.0
ANO DE FABRICACAO: 2011
NOME DA CIDADE: ITAPEVA
QUANTIDADE DE VEICULOS: 18

MARCA DO VEICULO: NAO PREENCHIDO
MODELO DO VEICULO: GOL 1.0
ANO DE FABRICACAO: 2005
NOME DA CIDADE: NAO PREENCHIDO
QUANTIDADE DE VEICULOS: 22

MARCA DO VEICULO: VW
MODELO DO VEICULO: GOL 1.0
ANO DE FABRICACAO: 2007
NOME DA CIDADE: CAPELA
QUANTIDADE DE VEICULOS: 12

MARCA DO VEICULO: VW
MODELO DO VEICULO: GOL 1.0
ANO DE FABRICACAO: 2008
NOME DA CIDADE: VILA VELHA
QUANTIDADE DE VEICULOS: 196

MARCA DO VEICULO: NAO PREENCHIDO
MODELO DO VEICULO: GOL 1.0
ANO DE FABRICACAO: 2007
NOME DA CIDADE: ITAGUARI
QUANTIDADE DE VEICULOS: 22

MARCA DO VEICULO: VW
MODELO DO VEICULO: GOL 1.0
ANO DE FABRICACAO: NAO PREENCHIDO
NOME DA CIDADE: SANTA LUZIA
QUANTIDADE DE VEICULOS: 174

MARCA DO VEICULO: NAO PREENCHIDO
MODELO DO VEICULO: GOL 1.0
ANO DE FABRICACAO: 2008
NOME DA CIDADE: URUARA
QUANTIDADE DE VEICULOS: 27

MARCA DO VEICULO: NAO PREENCHIDO
MODELO DO VEICULO: GOL 1.0
ANO DE FABRICACAO: 2004
NOME DA CIDADE: ARACATI
QUANTIDADE DE VEICULOS: 20

MARCA DO VEICULO: VW
MODELO DO VEICULO: GOL 1.0
ANO DE FABRICACAO: NAO PREENCHIDO
NOME DA CIDADE: BOTUPORA
QUANTIDADE DE VEICULOS: 15

MARCA DO VEICULO: VW
MODELO DO VEICULO: GOL 1.0
ANO DE FABRICACAO: NAO PREENCHIDO
NOME DA CIDADE: NAO PREENCHIDO
QUANTIDADE DE VEICULOS: 32

MARCA DO VEICULO: NAO PREENCHIDO
MODELO DO VEICULO: GOL 1.0
ANO DE FABRICACAO: 2008
NOME DA CIDADE: CAMPO BELO
QUANTIDADE DE VEICULOS: 31

MARCA DO VEICULO: VW
MODELO DO VEICULO: GOL 1.0
ANO DE FABRICACAO: 2003
NOME DA CIDADE: JOAO PINHEIRO
QUANTIDADE DE VEICULOS: 55

