MARCA DO VEICULO: FIAT
MODELO DO VEICULO: SIENA 1.0
ANO DE FABRICACAO: 2021
NOME DA CIDADE: BELO HORIZONTE
QUANTIDADE DE VEICULOS: 2113

MARCA DO VEICULO: NAO PREENCHIDO
MODELO DO VEICULO: MT03
ANO DE FABRICACAO: 2017
NOME DA CIDADE: NITEROI
QUANTIDADE DE VEICULOS: 17

MARCA DO VEICULO: NAO PREENCHIDO
MODELO DO VEICULO: FUSCA 1300 L
ANO DE FABRICACAO: 1978
NOME DA CIDADE: NAO PREENCHIDO
QUANTIDADE DE VEICULOS: 12

MARCA DO VEICULO: NAO PREENCHIDO
MODELO DO VEICULO: NAO PREENCHIDO
ANO DE FABRICACAO: NAO PREENCHIDO
NOME DA CIDADE: BUIQUE
QUANTIDADE DE VEICULOS: 27

MARCA DO VEICULO: FIAT
MODELO DO VEICULO: UNO MILLE ECONOMY
ANO DE FABRICACAO: 2012
NOME DA CIDADE: BELO HORIZONTE
QUANTIDADE DE VEICULOS: 1411

MARCA DO VEICULO: NAO PREENCHIDO
MODELO DO VEICULO: NXR150 BROS ESD
ANO DE FABRICACAO: 2011
NOME DA CIDADE: NAO PREENCHIDO
QUANTIDADE DE VEICULOS: 13

MARCA DO VEICULO: NAO PREENCHIDO
MODELO DO VEICULO: MONZA SL
ANO DE FABRICACAO: 1985
NOME DA CIDADE: NAO PREENCHIDO
QUANTIDADE DE VEICULOS: 12

MARCA DO VEICULO: HONDA
MODELO DO VEICULO: HR-V EX CVT
ANO DE FABRICACAO: 2017
NOME DA CIDADE: RIO DE JANEIRO
QUANTIDADE DE VEICULOS: 1188

MARCA DO VEICULO: HONDA
MODELO DO VEICULO: NAO PREENCHIDO
ANO DE FABRICACAO: 2021
NOME DA CIDADE: NAO PREENCHIDO
QUANTIDADE DE VEICULOS: 28

MARCA DO VEICULO: NAO PREENCHIDO
MODELO DO VEICULO: UNO VIVACE 1.0
ANO DE FABRICACAO: 2013
NOME DA CIDADE: BREJO SANTO
QUANTIDADE DE VEICULOS: 11

MARCA DO VEICULO: NAO PREENCHIDO
MODELO DO VEICULO: NAO PREENCHIDO
ANO DE FABRICACAO: 2016
NOME DA CIDADE: NAO PREENCHIDO
QUANTIDADE DE VEICULOS: 49

MARCA DO VEICULO: NAO PREENCHIDO
MODELO DO VEICULO: BRAVO ESSENCE 1.8
ANO DE FABRICACAO: 2011
NOME DA CIDADE: PONTA GROSSA
QUANTIDADE DE VEICULOS: 14

MARCA DO VEICULO: VW
MODELO DO VEICULO: NAO PREENCHIDO
ANO DE FABRICACAO: 1970
NOME DA CIDADE: BELO HORIZONTE
QUANTIDADE DE VEICULOS: 925

MARCA DO VEICULO: HONDA
MODELO DO VEICULO: CG 160 TITAN
ANO DE FABRICACAO: NAO PREENCHIDO
NOME DA CIDADE: NAO PREENCHIDO
QUANTIDADE DE VEICULOS: 20

MARCA DO VEICULO: NAO PREENCHIDO
MODELO DO VEICULO: COMET 150 70
ANO DE FABRICACAO: 2013
NOME DA CIDADE: UBA
QUANTIDADE DE VEICULOS: 11

MARCA DO VEICULO: HONDA
MODELO DO VEICULO: BIZ 125 EX
ANO DE FABRICACAO: 2011
NOME DA CIDADE: AUTAZES
QUANTIDADE DE VEICULOS: 11

MARCA DO VEICULO: YAMAHA
MODELO DO VEICULO: NAO PREENCHIDO
ANO DE FABRICACAO: 2011
NOME DA CIDADE: NAO PREENCHIDO
QUANTIDADE DE VEICULOS: 14

MARCA DO VEICULO: VW
MODELO DO VEICULO: FOX CONNECT MB
ANO DE FABRICACAO: 2019
NOME DA CIDADE: NAO PREENCHIDO
QUANTIDADE DE VEICULOS: 18

MARCA DO VEICULO: NAO PREENCHIDO
MODELO DO VEICULO: NAO PREENCHIDO
ANO DE FABRICACAO: NAO PREENCHIDO
NOME DA CIDADE: CORBELIA
QUANTIDADE DE VEICULOS: 11

MARCA DO VEICULO: NAO PREENCHIDO
MODELO DO VEICULO: GOL 1.0
ANO DE FABRICACAO: 2011
NOME DA CIDADE: ITAPEVA
QUANTIDADE DE VEICULOS: 18

MARCA DO VEICULO: RENAULT
MODELO DO VEICULO: DUSTER ZEN 16
ANO DE FABRICACAO: 2020
NOME DA CIDADE: ANANINDEUA
QUANTIDADE DE VEICULOS: 21

MARCA DO VEICULO: FORD
MODELO DO VEICULO: ESCORT XR3
ANO DE FABRICACAO: NAO PREENCHIDO
NOME DA CIDADE: RIO DE JANEIRO
QUANTIDADE DE VEICULOS: 596

MARCA DO VEICULO: HONDA
MODELO DO VEICULO: CG 125 FAN
ANO DE FABRICACAO: 2008
NOME DA CIDADE: TANGARA DA SERRA
QUANTIDADE DE VEICULOS: 523

MARCA DO VEICULO: FORD
MODELO DO VEICULO: ECOSPORT XLT 1.6L
ANO DE FABRICACAO: 2004
NOME DA CIDADE: NAO PREENCHIDO
QUANTIDADE DE VEICULOS: 10

MARCA DO VEICULO: M.BENZ
MODELO DO VEICULO: NAO PREENCHIDO
ANO DE FABRICACAO: 2017
NOME DA CIDADE: CURITIBA
QUANTIDADE DE VEICULOS: 15

MARCA DO VEICULO: CHEVROLET
MODELO DO VEICULO: CLASSIC LS
ANO DE FABRICACAO: NAO PREENCHIDO
NOME DA CIDADE: BARREIRINHAS
QUANTIDADE DE VEICULOS: 16

MARCA DO VEICULO: NAO PREENCHIDO
MODELO DO VEICULO: CB250F TWISTER CBS
ANO DE FABRICACAO: 2019
NOME DA CIDADE: NAO PREENCHIDO
QUANTIDADE DE VEICULOS: 508

MARCA DO VEICULO: FORD
MODELO DO VEICULO: ECOSPORT XLT 1.6L
ANO DE FABRICACAO: 2004
NOME DA CIDADE: RIO VERDE
QUANTIDADE DE VEICULOS: 12

MARCA DO VEICULO: NAO PREENCHIDO
MODELO DO VEICULO: NAO PREENCHIDO
ANO DE FABRICACAO: 1997
NOME DA CIDADE: TRES RIOS
QUANTIDADE DE VEICULOS: 11

MARCA DO VEICULO: GM
MODELO DO VEICULO: CELTA
ANO DE FABRICACAO: 2001
NOME DA CIDADE: RIO DAS OSTRAS
QUANTIDADE DE VEICULOS: 20

MARCA DO VEICULO: NAO PREENCHIDO
MODELO DO VEICULO: NOVO FOX TL MA
ANO DE FABRICACAO: NAO PREENCHIDO
NOME DA CIDADE: ANGRA DOS REIS
QUANTIDADE DE VEICULOS: 12

MARCA DO VEICULO: NAO PREENCHIDO
MODELO DO VEICULO: CG 150 FAN ESI
ANO DE FABRICACAO: 2010
NOME DA CIDADE: NOVA SERRANA
QUANTIDADE DE VEICULOS: 431

MARCA DO VEICULO: NAO PREENCHIDO
MODELO DO VEICULO: CG 150 TITAN KS
ANO DE FABRICACAO: 2004
NOME DA CIDADE: NAO PREENCHIDO
QUANTIDADE DE VEICULOS: 420

MARCA DO VEICULO: NAO PREENCHIDO
MODELO DO VEICULO: NAO PREENCHIDO
ANO DE FABRICACAO: 2012
NOME DA CIDADE: NAO PREENCHIDO
QUANTIDADE DE VEICULOS: 32

MARCA DO VEICULO: NAO PREENCHIDO
MODELO DO VEICULO: L 708 E
ANO DE FABRICACAO: 1987
NOME DA CIDADE: JABOATAO DOS GUARARAPES
QUANTIDADE DE VEICULOS: 11

MARCA DO VEICULO: NAO PREENCHIDO
MODELO DO VEICULO: NAO PREENCHIDO
ANO DE FABRICACAO: 1983
NOME DA CIDADE: OLINDA
QUANTIDADE DE VEICULOS: 10

MARCA DO VEICULO: FIAT
MODELO DO VEICULO: PUNTO ATTRACTIVE
ANO DE FABRICACAO: 2016
NOME DA CIDADE: SAO JOSE DE RIBAMAR
QUANTIDADE DE VEICULOS: 10

MARCA DO VEICULO: HONDA
MODELO DO VEICULO: CG 125 TODAY
ANO DE FABRICACAO: 1991
NOME DA CIDADE: BAIXO GUANDU
QUANTIDADE DE VEICULOS: 19

MARCA DO VEICULO: FIAT
MODELO DO VEICULO: NAO PREENCHIDO
ANO DE FABRICACAO: NAO PREENCHIDO
NOME DA CIDADE: NAO PREENCHIDO
QUANTIDADE DE VEICULOS: 22

MARCA DO VEICULO: NAO PREENCHIDO
MODELO DO VEICULO: NAO PREENCHIDO
ANO DE FABRICACAO: 1999
NOME DA CIDADE: NAO PREENCHIDO
QUANTIDADE DE VEICULOS: 29

MARCA DO VEICULO: NAO PREENCHIDO
MODELO DO VEICULO: CELTA 3 PORTAS
ANO DE FABRICACAO: 2002
NOME DA CIDADE: CABO FRIO
QUANTIDADE DE VEICULOS: 19

MARCA DO VEICULO: NAO PREENCHIDO
MODELO DO VEICULO: C100 BIZ ES
ANO DE FABRICACAO: 2002
NOME DA CIDADE: NOVA AURORA
QUANTIDADE DE VEICULOS: 14

MARCA DO VEICULO: HONDA
MODELO DO VEICULO: CG150 FAN ESDI
ANO DE FABRICACAO: 2015
NOME DA CIDADE: PIRAQUARA
QUANTIDADE DE VEICULOS: 13

MARCA DO VEICULO: NAO PREENCHIDO
MODELO DO VEICULO: GOL 1.0
ANO DE FABRICACAO: 2005
NOME DA CIDADE: NAO PREENCHIDO
QUANTIDADE DE VEICULOS: 22

MARCA DO VEICULO: DAFRA
MODELO DO VEICULO: SPEED 150
ANO DE FABRICACAO: 2008
NOME DA CIDADE: NAO PREENCHIDO
QUANTIDADE DE VEICULOS: 340

MARCA DO VEICULO: CHEVROLET
MODELO DO VEICULO: NAO PREENCHIDO
ANO DE FABRICACAO: 2012
NOME DA CIDADE: NAO PREENCHIDO
QUANTIDADE DE VEICULOS: 19

MARCA DO VEICULO: HONDA
MODELO DO VEICULO: CIVIC LXS FLEX
ANO DE FABRICACAO: 2009
NOME DA CIDADE: NAO PREENCHIDO
QUANTIDADE DE VEICULOS: 11

MARCA DO VEICULO: NAO PREENCHIDO
MODELO DO VEICULO: SAVEIRO 1.6
ANO DE FABRICACAO: 2006
NOME DA CIDADE: CASCAVEL
QUANTIDADE DE VEICULOS: 37

MARCA DO VEICULO: GM
MODELO DO VEICULO: OMEGA GLS
ANO DE FABRICACAO: 1993
NOME DA CIDADE: NAO PREENCHIDO
QUANTIDADE DE VEICULOS: 25

MARCA DO VEICULO: NAO PREENCHIDO
MODELO DO VEICULO: CG 160 TITAN EX
ANO DE FABRICACAO: NAO PREENCHIDO
NOME DA CIDADE: NAO PREENCHIDO
QUANTIDADE DE VEICULOS: 14

MARCA DO VEICULO: NAO PREENCHIDO
MODELO DO VEICULO: NAO PREENCHIDO
ANO DE FABRICACAO: 2006
NOME DA CIDADE: JACOBINA
QUANTIDADE DE VEICULOS: 43

MARCA DO VEICULO: HONDA
MODELO DO VEICULO: CG 150 FAN ESI
ANO DE FABRICACAO: 2013
NOME DA CIDADE: NAO PREENCHIDO
QUANTIDADE DE VEICULOS: 332

MARCA DO VEICULO: VW
MODELO DO VEICULO: PARATI CL
ANO DE FABRICACAO: 1991
NOME DA CIDADE: ARACAJU
QUANTIDADE DE VEICULOS: 21

MARCA DO VEICULO: NAO PREENCHIDO
MODELO DO VEICULO: NAO PREENCHIDO
ANO DE FABRICACAO: 2014
NOME DA CIDADE: NAO PREENCHIDO
QUANTIDADE DE VEICULOS: 30

MARCA DO VEICULO: NAO PREENCHIDO
MODELO DO VEICULO: ATEGO 1419
ANO DE FABRICACAO: 2019
NOME DA CIDADE: CAMACARI
QUANTIDADE DE VEICULOS: 35

MARCA DO VEICULO: HONDA
MODELO DO VEICULO: BIZ 125
ANO DE FABRICACAO: 2016
NOME DA CIDADE: COLINAS
QUANTIDADE DE VEICULOS: 25

MARCA DO VEICULO: M.BENZ
MODELO DO VEICULO: 712 CHAVANTE BRUT
ANO DE FABRICACAO: 2005
NOME DA CIDADE: NAO PREENCHIDO
QUANTIDADE DE VEICULOS: 19

MARCA DO VEICULO: HONDA
MODELO DO VEICULO: FIT LX FLEX
ANO DE FABRICACAO: 2011
NOME DA CIDADE: CUIABA
QUANTIDADE DE VEICULOS: 24

MARCA DO VEICULO: HONDA
MODELO DO VEICULO: NXR160 BROS ESDD
ANO DE FABRICACAO: NAO PREENCHIDO
NOME DA CIDADE: SOBRAL
QUANTIDADE DE VEICULOS: 300

MARCA DO VEICULO: NAO PREENCHIDO
MODELO DO VEICULO: NAO PREENCHIDO
ANO DE FABRICACAO: 2009
NOME DA CIDADE: NAO PREENCHIDO
QUANTIDADE DE VEICULOS: 17

MARCA DO VEICULO: NAO PREENCHIDO
MODELO DO VEICULO: POP100
ANO DE FABRICACAO: NAO PREENCHIDO
NOME DA CIDADE: CASTANHAL
QUANTIDADE DE VEICULOS: 298

MARCA DO VEICULO: NAO PREENCHIDO
MODELO DO VEICULO: X1 S20I ACTIVEFLEX
ANO DE FABRICACAO: 2021
NOME DA CIDADE: MANAUS
QUANTIDADE DE VEICULOS: 25

MARCA DO VEICULO: NAO PREENCHIDO
MODELO DO VEICULO: FUSCA 1300
ANO DE FABRICACAO: 1968
NOME DA CIDADE: PERDOES
QUANTIDADE DE VEICULOS: 19

MARCA DO VEICULO: NAO PREENCHIDO
MODELO DO VEICULO: NAO PREENCHIDO
ANO DE FABRICACAO: 2016
NOME DA CIDADE: NAO PREENCHIDO
QUANTIDADE DE VEICULOS: 23

MARCA DO VEICULO: NAO PREENCHIDO
MODELO DO VEICULO: NOVO GOL 1.6
ANO DE FABRICACAO: 2013
NOME DA CIDADE: LUCAS DO RIO VERDE
QUANTIDADE DE VEICULOS: 18

MARCA DO VEICULO: YAMAHA
MODELO DO VEICULO: NAO PREENCHIDO
ANO DE FABRICACAO: 2004
NOME DA CIDADE: COLNIZA
QUANTIDADE DE VEICULOS: 28

MARCA DO VEICULO: CHEVROLET
MODELO DO VEICULO: NAO PREENCHIDO
ANO DE FABRICACAO: 2011
NOME DA CIDADE: NAO PREENCHIDO
QUANTIDADE DE VEICULOS: 10

MARCA DO VEICULO: VW
MODELO DO VEICULO: NAO PREENCHIDO
ANO DE FABRICACAO: 1974
NOME DA CIDADE: NAO PREENCHIDO
QUANTIDADE DE VEICULOS: 21

MARCA DO VEICULO: NAO PREENCHIDO
MODELO DO VEICULO: GOL SPECIAL
ANO DE FABRICACAO: 1998
NOME DA CIDADE: FORTALEZA
QUANTIDADE DE VEICULOS: 281

MARCA DO VEICULO: VW
MODELO DO VEICULO: POLO 1.6
ANO DE FABRICACAO: NAO PREENCHIDO
NOME DA CIDADE: CACHOEIRO DE ITAPEMIRIM
QUANTIDADE DE VEICULOS: 10

MARCA DO VEICULO: NAO PREENCHIDO
MODELO DO VEICULO: NAO PREENCHIDO
ANO DE FABRICACAO: 1996
NOME DA CIDADE: IBATIBA
QUANTIDADE DE VEICULOS: 10

MARCA DO VEICULO: VW
MODELO DO VEICULO: FUSCA 1500
ANO DE FABRICACAO: NAO PREENCHIDO
NOME DA CIDADE: NAO PREENCHIDO
QUANTIDADE DE VEICULOS: 36

MARCA DO VEICULO: HONDA
MODELO DO VEICULO: CG 125 FAN ESD
ANO DE FABRICACAO: 2014
NOME DA CIDADE: NAO PREENCHIDO
QUANTIDADE DE VEICULOS: 18

MARCA DO VEICULO: HONDA
MODELO DO VEICULO: FIT CX FLEX
ANO DE FABRICACAO: 2014
NOME DA CIDADE: CACHOEIRO DE ITAPEMIRIM
QUANTIDADE DE VEICULOS: 14

MARCA DO VEICULO: VW
MODELO DO VEICULO: NAO PREENCHIDO
ANO DE FABRICACAO: 1974
NOME DA CIDADE: PIEN
QUANTIDADE DE VEICULOS: 12

MARCA DO VEICULO: NAO PREENCHIDO
MODELO DO VEICULO: NAO PREENCHIDO
ANO DE FABRICACAO: 2021
NOME DA CIDADE: NAO PREENCHIDO
QUANTIDADE DE VEICULOS: 12

MARCA DO VEICULO: HONDA
MODELO DO VEICULO: NAO PREENCHIDO
ANO DE FABRICACAO: 2014
NOME DA CIDADE: NAO PREENCHIDO
QUANTIDADE DE VEICULOS: 252

MARCA DO VEICULO: FORD
MODELO DO VEICULO: FIESTA SEDAN1.6FLEX
ANO DE FABRICACAO: 2005
NOME DA CIDADE: VILHENA
QUANTIDADE DE VEICULOS: 12

MARCA DO VEICULO: NAO PREENCHIDO
MODELO DO VEICULO: KOMBI
ANO DE FABRICACAO: 1998
NOME DA CIDADE: NAO PREENCHIDO
QUANTIDADE DE VEICULOS: 12

MARCA DO VEICULO: DAFRA
MODELO DO VEICULO: NAO PREENCHIDO
ANO DE FABRICACAO: 2013
NOME DA CIDADE: ALAGOINHAS
QUANTIDADE DE VEICULOS: 13

MARCA DO VEICULO: GM
MODELO DO VEICULO: NAO PREENCHIDO
ANO DE FABRICACAO: 1998
NOME DA CIDADE: CORONEL FABRICIANO
QUANTIDADE DE VEICULOS: 26

MARCA DO VEICULO: NAO PREENCHIDO
MODELO DO VEICULO: NAO PREENCHIDO
ANO DE FABRICACAO: 2012
NOME DA CIDADE: NOVO SAO JOAQUIM
QUANTIDADE DE VEICULOS: 13

MARCA DO VEICULO: VW
MODELO DO VEICULO: NAO PREENCHIDO
ANO DE FABRICACAO: 1981
NOME DA CIDADE: PIRACANJUBA
QUANTIDADE DE VEICULOS: 10

MARCA DO VEICULO: NAO PREENCHIDO
MODELO DO VEICULO: NAO PREENCHIDO
ANO DE FABRICACAO: NAO PREENCHIDO
NOME DA CIDADE: RIO DE JANEIRO
QUANTIDADE DE VEICULOS: 12

MARCA DO VEICULO: FIAT
MODELO DO VEICULO: PALIO FIRE
ANO DE FABRICACAO: NAO PREENCHIDO
NOME DA CIDADE: NAO PREENCHIDO
QUANTIDADE DE VEICULOS: 11

MARCA DO VEICULO: GM
MODELO DO VEICULO: NAO PREENCHIDO
ANO DE FABRICACAO: 1999
NOME DA CIDADE: SAO LUIS
QUANTIDADE DE VEICULOS: 11

MARCA DO VEICULO: HONDA
MODELO DO VEICULO: NAO PREENCHIDO
ANO DE FABRICACAO: NAO PREENCHIDO
NOME DA CIDADE: MACAU
QUANTIDADE DE VEICULOS: 23

MARCA DO VEICULO: NAO PREENCHIDO
MODELO DO VEICULO: CG 150 TITAN KS
ANO DE FABRICACAO: 2008
NOME DA CIDADE: ITAUNA
QUANTIDADE DE VEICULOS: 237

MARCA DO VEICULO: YAMAHA
MODELO DO VEICULO: NAO PREENCHIDO
ANO DE FABRICACAO: 2003
NOME DA CIDADE: CARIACICA
QUANTIDADE DE VEICULOS: 36

MARCA DO VEICULO: HONDA
MODELO DO VEICULO: NAO PREENCHIDO
ANO DE FABRICACAO: NAO PREENCHIDO
NOME DA CIDADE: PENAFORTE
QUANTIDADE DE VEICULOS: 50

MARCA DO VEICULO: NAO PREENCHIDO
MODELO DO VEICULO: FUSCA
ANO DE FABRICACAO: NAO PREENCHIDO
NOME DA CIDADE: CAMPOS DOS GOYTACAZES
QUANTIDADE DE VEICULOS: 230

MARCA DO VEICULO: HONDA
MODELO DO VEICULO: NAO PREENCHIDO
ANO DE FABRICACAO: 2011
NOME DA CIDADE: QUATIGUA
QUANTIDADE DE VEICULOS: 12

MARCA DO VEICULO: NAO PREENCHIDO
MODELO DO VEICULO: NAO PREENCHIDO
ANO DE FABRICACAO: 1997
NOME DA CIDADE: NAO PREENCHIDO
QUANTIDADE DE VEICULOS: 225

MARCA DO VEICULO: SUNDOWN
MODELO DO VEICULO: HUNTER 100
ANO DE FABRICACAO: 2007
NOME DA CIDADE: NAO PREENCHIDO
QUANTIDADE DE VEICULOS: 14

MARCA DO VEICULO: VW
MODELO DO VEICULO: NAO PREENCHIDO
ANO DE FABRICACAO: 1996
NOME DA CIDADE: RIO PRETO
QUANTIDADE DE VEICULOS: 29

MARCA DO VEICULO: FORD
MODELO DO VEICULO: NAO PREENCHIDO
ANO DE FABRICACAO: 2019
NOME DA CIDADE: GOVERNADOR VALADARES
QUANTIDADE DE VEICULOS: 19

MARCA DO VEICULO: NAO PREENCHIDO
MODELO DO VEICULO: CG 125 FAN
ANO DE FABRICACAO: 2008
NOME DA CIDADE: NAO PREENCHIDO
QUANTIDADE DE VEICULOS: 34

MARCA DO VEICULO: HONDA
MODELO DO VEICULO: NXR150BROS CARGO K
ANO DE FABRICACAO: 2005
NOME DA CIDADE: NAO PREENCHIDO
QUANTIDADE DE VEICULOS: 13

MARCA DO VEICULO: HONDA
MODELO DO VEICULO: XRE 300 ABS
ANO DE FABRICACAO: 2019
NOME DA CIDADE: MACEIO
QUANTIDADE DE VEICULOS: 219

MARCA DO VEICULO: CHEV
MODELO DO VEICULO: TRACKER 12T A PR
ANO DE FABRICACAO: 2021
NOME DA CIDADE: NAO PREENCHIDO
QUANTIDADE DE VEICULOS: 17

MARCA DO VEICULO: NAO PREENCHIDO
MODELO DO VEICULO: NAO PREENCHIDO
ANO DE FABRICACAO: 1984
NOME DA CIDADE: NAO PREENCHIDO
QUANTIDADE DE VEICULOS: 12

MARCA DO VEICULO: HONDA
MODELO DO VEICULO: NAO PREENCHIDO
ANO DE FABRICACAO: NAO PREENCHIDO
NOME DA CIDADE: PORTO DA FOLHA
QUANTIDADE DE VEICULOS: 20

MARCA DO VEICULO: HONDA
MODELO DO VEICULO: NAO PREENCHIDO
ANO DE FABRICACAO: NAO PREENCHIDO
NOME DA CIDADE: NATAL
QUANTIDADE DE VEICULOS: 34

MARCA DO VEICULO: NAO PREENCHIDO
MODELO DO VEICULO: NAO PREENCHIDO
ANO DE FABRICACAO: 2018
NOME DA CIDADE: DIAS D'AVILA
QUANTIDADE DE VEICULOS: 14

MARCA DO VEICULO: FORD
MODELO DO VEICULO: ESCORT XR3
ANO DE FABRICACAO: 1988
NOME DA CIDADE: CAMPOS DOS GOYTACAZES
QUANTIDADE DE VEICULOS: 38

MARCA DO VEICULO: HONDA
MODELO DO VEICULO: NXR150BROS MIX ESD
ANO DE FABRICACAO: 2010
NOME DA CIDADE: NAO PREENCHIDO
QUANTIDADE DE VEICULOS: 23

MARCA DO VEICULO: HONDA
MODELO DO VEICULO: BIZ 125
ANO DE FABRICACAO: 2020
NOME DA CIDADE: CURURUPU
QUANTIDADE DE VEICULOS: 12

MARCA DO VEICULO: HONDA
MODELO DO VEICULO: BIZ 125 ES
ANO DE FABRICACAO: 2007
NOME DA CIDADE: NAO PREENCHIDO
QUANTIDADE DE VEICULOS: 10

MARCA DO VEICULO: NAO PREENCHIDO
MODELO DO VEICULO: CITROEN ZX 2I VOLC
ANO DE FABRICACAO: 1994
NOME DA CIDADE: RIO DE JANEIRO
QUANTIDADE DE VEICULOS: 205

MARCA DO VEICULO: VW
MODELO DO VEICULO: GOL 1.0
ANO DE FABRICACAO: 2007
NOME DA CIDADE: CAPELA
QUANTIDADE DE VEICULOS: 12

MARCA DO VEICULO: NAO PREENCHIDO
MODELO DO VEICULO: S10 DE LUXE 2.8 D
ANO DE FABRICACAO: 2001
NOME DA CIDADE: NAO PREENCHIDO
QUANTIDADE DE VEICULOS: 20

MARCA DO VEICULO: HONDA
MODELO DO VEICULO: CG150 FAN ESDI
ANO DE FABRICACAO: NAO PREENCHIDO
NOME DA CIDADE: SENADOR FIRMINO
QUANTIDADE DE VEICULOS: 10

MARCA DO VEICULO: GM
MODELO DO VEICULO: CORSA WIND
ANO DE FABRICACAO: 1998
NOME DA CIDADE: NAO PREENCHIDO
QUANTIDADE DE VEICULOS: 19

MARCA DO VEICULO: NAO PREENCHIDO
MODELO DO VEICULO: VOYAGE 1.6
ANO DE FABRICACAO: 2010
NOME DA CIDADE: BRASILIA
QUANTIDADE DE VEICULOS: 202

MARCA DO VEICULO: HONDA
MODELO DO VEICULO: CG 125 TITAN KSE
ANO DE FABRICACAO: 2003
NOME DA CIDADE: SAO JOAO DO PARAISO
QUANTIDADE DE VEICULOS: 32

MARCA DO VEICULO: FORD
MODELO DO VEICULO: FIESTA FLEX
ANO DE FABRICACAO: 2007
NOME DA CIDADE: NAO PREENCHIDO
QUANTIDADE DE VEICULOS: 13

MARCA DO VEICULO: VOLVO
MODELO DO VEICULO: NAO PREENCHIDO
ANO DE FABRICACAO: NAO PREENCHIDO
NOME DA CIDADE: NAO PREENCHIDO
QUANTIDADE DE VEICULOS: 14

MARCA DO VEICULO: VW
MODELO DO VEICULO: NAO PREENCHIDO
ANO DE FABRICACAO: 1993
NOME DA CIDADE: MAGE
QUANTIDADE DE VEICULOS: 32

MARCA DO VEICULO: VW
MODELO DO VEICULO: FUSCA 1500
ANO DE FABRICACAO: 1972
NOME DA CIDADE: CASCAVEL
QUANTIDADE DE VEICULOS: 198

MARCA DO VEICULO: NAO PREENCHIDO
MODELO DO VEICULO: SAO CARLOS C-1
ANO DE FABRICACAO: 1991
NOME DA CIDADE: NAO PREENCHIDO
QUANTIDADE DE VEICULOS: 13

MARCA DO VEICULO: NAO PREENCHIDO
MODELO DO VEICULO: IDEA ELX FLEX
ANO DE FABRICACAO: 2005
NOME DA CIDADE: NAO PREENCHIDO
QUANTIDADE DE VEICULOS: 10

MARCA DO VEICULO: VW
MODELO DO VEICULO: GOL 1.0
ANO DE FABRICACAO: 2008
NOME DA CIDADE: VILA VELHA
QUANTIDADE DE VEICULOS: 196

MARCA DO VEICULO: HONDA
MODELO DO VEICULO: NAO PREENCHIDO
ANO DE FABRICACAO: 2016
NOME DA CIDADE: NAO PREENCHIDO
QUANTIDADE DE VEICULOS: 10

MARCA DO VEICULO: YAMAHA
MODELO DO VEICULO: NMAX
ANO DE FABRICACAO: NAO PREENCHIDO
NOME DA CIDADE: NAO PREENCHIDO
QUANTIDADE DE VEICULOS: 10

MARCA DO VEICULO: HONDA
MODELO DO VEICULO: CG 150 TITAN KS
ANO DE FABRICACAO: NAO PREENCHIDO
NOME DA CIDADE: PARANATAMA
QUANTIDADE DE VEICULOS: 22

MARCA DO VEICULO: FIAT
MODELO DO VEICULO: NAO PREENCHIDO
ANO DE FABRICACAO: 2012
NOME DA CIDADE: SENGES
QUANTIDADE DE VEICULOS: 20

MARCA DO VEICULO: HONDA
MODELO DO VEICULO: CG 160 FAN ESDI
ANO DE FABRICACAO: 2016
NOME DA CIDADE: MARICA
QUANTIDADE DE VEICULOS: 27

MARCA DO VEICULO: NAO PREENCHIDO
MODELO DO VEICULO: CG 125 TODAY
ANO DE FABRICACAO: 1990
NOME DA CIDADE: INHUMAS
QUANTIDADE DE VEICULOS: 19

MARCA DO VEICULO: NAO PREENCHIDO
MODELO DO VEICULO: NAO PREENCHIDO
ANO DE FABRICACAO: 2014
NOME DA CIDADE: NAO PREENCHIDO
QUANTIDADE DE VEICULOS: 22

MARCA DO VEICULO: NAO PREENCHIDO
MODELO DO VEICULO: GOL 1.0
ANO DE FABRICACAO: 2007
NOME DA CIDADE: ITAGUARI
QUANTIDADE DE VEICULOS: 22

MARCA DO VEICULO: FORD
MODELO DO VEICULO: CORCEL II L
ANO DE FABRICACAO: 1981
NOME DA CIDADE: CUIABA
QUANTIDADE DE VEICULOS: 44

MARCA DO VEICULO: NAO PREENCHIDO
MODELO DO VEICULO: CG 150 TITAN KS
ANO DE FABRICACAO: 2006
NOME DA CIDADE: SUMIDOURO
QUANTIDADE DE VEICULOS: 16

MARCA DO VEICULO: NAO PREENCHIDO
MODELO DO VEICULO: NXR150 BROS ESD
ANO DE FABRICACAO: 2014
NOME DA CIDADE: NAO PREENCHIDO
QUANTIDADE DE VEICULOS: 12

MARCA DO VEICULO: NAO PREENCHIDO
MODELO DO VEICULO: NAO PREENCHIDO
ANO DE FABRICACAO: 2012
NOME DA CIDADE: NAO PREENCHIDO
QUANTIDADE DE VEICULOS: 39

MARCA DO VEICULO: NAO PREENCHIDO
MODELO DO VEICULO: CG 150 TITAN EX
ANO DE FABRICACAO: NAO PREENCHIDO
NOME DA CIDADE: NAO PREENCHIDO
QUANTIDADE DE VEICULOS: 15

MARCA DO VEICULO: NAO PREENCHIDO
MODELO DO VEICULO: RENEGADE LNGTD AT D
ANO DE FABRICACAO: NAO PREENCHIDO
NOME DA CIDADE: FORTALEZA
QUANTIDADE DE VEICULOS: 183

MARCA DO VEICULO: HONDA
MODELO DO VEICULO: NXR150 BROS ES
ANO DE FABRICACAO: NAO PREENCHIDO
NOME DA CIDADE: NAO PREENCHIDO
QUANTIDADE DE VEICULOS: 22

MARCA DO VEICULO: YAMAHA
MODELO DO VEICULO: YBR 125ED
ANO DE FABRICACAO: NAO PREENCHIDO
NOME DA CIDADE: CONSELHEIRO LAFAIETE
QUANTIDADE DE VEICULOS: 10

MARCA DO VEICULO: GM
MODELO DO VEICULO: CELTA 2P LIFE
ANO DE FABRICACAO: NAO PREENCHIDO
NOME DA CIDADE: CAMPO GRANDE
QUANTIDADE DE VEICULOS: 182

MARCA DO VEICULO: HONDA
MODELO DO VEICULO: NAO PREENCHIDO
ANO DE FABRICACAO: 1999
NOME DA CIDADE: SURUBIM
QUANTIDADE DE VEICULOS: 181

MARCA DO VEICULO: NAO PREENCHIDO
MODELO DO VEICULO: NAO PREENCHIDO
ANO DE FABRICACAO: 2011
NOME DA CIDADE: NAO PREENCHIDO
QUANTIDADE DE VEICULOS: 14

MARCA DO VEICULO: FIAT
MODELO DO VEICULO: PALIO SPORTING 1.6
ANO DE FABRICACAO: 2014
NOME DA CIDADE: NAO PREENCHIDO
QUANTIDADE DE VEICULOS: 21

MARCA DO VEICULO: NAO PREENCHIDO
MODELO DO VEICULO: NAO PREENCHIDO
ANO DE FABRICACAO: 2004
NOME DA CIDADE: JANAUBA
QUANTIDADE DE VEICULOS: 10

MARCA DO VEICULO: HONDA
MODELO DO VEICULO: NAO PREENCHIDO
ANO DE FABRICACAO: 2020
NOME DA CIDADE: PAULO AFONSO
QUANTIDADE DE VEICULOS: 175

MARCA DO VEICULO: VW
MODELO DO VEICULO: GOL 1.0
ANO DE FABRICACAO: NAO PREENCHIDO
NOME DA CIDADE: SANTA LUZIA
QUANTIDADE DE VEICULOS: 174

MARCA DO VEICULO: NAO PREENCHIDO
MODELO DO VEICULO: FUSCA
ANO DE FABRICACAO: 1985
NOME DA CIDADE: SERRA
QUANTIDADE DE VEICULOS: 34

MARCA DO VEICULO: NISSAN
MODELO DO VEICULO: VERSA 16 UNIQUE
ANO DE FABRICACAO: NAO PREENCHIDO
NOME DA CIDADE: PONTA GROSSA
QUANTIDADE DE VEICULOS: 17

MARCA DO VEICULO: NAO PREENCHIDO
MODELO DO VEICULO: BIZ 125 KS
ANO DE FABRICACAO: 2009
NOME DA CIDADE: NAO PREENCHIDO
QUANTIDADE DE VEICULOS: 26

MARCA DO VEICULO: HONDA
MODELO DO VEICULO: CG 160 CARGO
ANO DE FABRICACAO: 2021
NOME DA CIDADE: BOQUIM
QUANTIDADE DE VEICULOS: 13

MARCA DO VEICULO: NAO PREENCHIDO
MODELO DO VEICULO: CG 125 TITAN
ANO DE FABRICACAO: 1997
NOME DA CIDADE: RIO AZUL
QUANTIDADE DE VEICULOS: 17

MARCA DO VEICULO: HONDA
MODELO DO VEICULO: NAO PREENCHIDO
ANO DE FABRICACAO: 2010
NOME DA CIDADE: SETE LAGOAS
QUANTIDADE DE VEICULOS: 172

MARCA DO VEICULO: HONDA
MODELO DO VEICULO: POP 110I
ANO DE FABRICACAO: 2020
NOME DA CIDADE: NAO PREENCHIDO
QUANTIDADE DE VEICULOS: 15

MARCA DO VEICULO: VW
MODELO DO VEICULO: NAO PREENCHIDO
ANO DE FABRICACAO: 2014
NOME DA CIDADE: NAO PREENCHIDO
QUANTIDADE DE VEICULOS: 172

MARCA DO VEICULO: NAO PREENCHIDO
MODELO DO VEICULO: NAO PREENCHIDO
ANO DE FABRICACAO: 1986
NOME DA CIDADE: NAO PREENCHIDO
QUANTIDADE DE VEICULOS: 18

MARCA DO VEICULO: NAO PREENCHIDO
MODELO DO VEICULO: NAO PREENCHIDO
ANO DE FABRICACAO: 2011
NOME DA CIDADE: NAO PREENCHIDO
QUANTIDADE DE VEICULOS: 11

MARCA DO VEICULO: HONDA
MODELO DO VEICULO: NAO PREENCHIDO
ANO DE FABRICACAO: 2007
NOME DA CIDADE: NAO PREENCHIDO
QUANTIDADE DE VEICULOS: 26

MARCA DO VEICULO: NAO PREENCHIDO
MODELO DO VEICULO: NAO PREENCHIDO
ANO DE FABRICACAO: 1973
NOME DA CIDADE: PARACAMBI
QUANTIDADE DE VEICULOS: 12

MARCA DO VEICULO: HONDA
MODELO DO VEICULO: NAO PREENCHIDO
ANO DE FABRICACAO: 2001
NOME DA CIDADE: BOM JARDIM
QUANTIDADE DE VEICULOS: 13

MARCA DO VEICULO: FIAT
MODELO DO VEICULO: NAO PREENCHIDO
ANO DE FABRICACAO: 2015
NOME DA CIDADE: RIO DAS OSTRAS
QUANTIDADE DE VEICULOS: 19

MARCA DO VEICULO: NAO PREENCHIDO
MODELO DO VEICULO: NAO PREENCHIDO
ANO DE FABRICACAO: 1973
NOME DA CIDADE: NAO PREENCHIDO
QUANTIDADE DE VEICULOS: 17

MARCA DO VEICULO: HONDA
MODELO DO VEICULO: CG 125 TITAN KSE
ANO DE FABRICACAO: 2003
NOME DA CIDADE: UBERABA
QUANTIDADE DE VEICULOS: 162

MARCA DO VEICULO: NAO PREENCHIDO
MODELO DO VEICULO: CG 150 TITAN KS
ANO DE FABRICACAO: 2005
NOME DA CIDADE: LAGOA DO ITAENGA
QUANTIDADE DE VEICULOS: 31

MARCA DO VEICULO: HONDA
MODELO DO VEICULO: NAO PREENCHIDO
ANO DE FABRICACAO: 1989
NOME DA CIDADE: NITEROI
QUANTIDADE DE VEICULOS: 52

MARCA DO VEICULO: NAO PREENCHIDO
MODELO DO VEICULO: CG 125 FAN
ANO DE FABRICACAO: NAO PREENCHIDO
NOME DA CIDADE: ARAUCARIA
QUANTIDADE DE VEICULOS: 159

MARCA DO VEICULO: YAMAHA
MODELO DO VEICULO: FACTOR YBR125 K
ANO DE FABRICACAO: 2011
NOME DA CIDADE: PONTA GROSSA
QUANTIDADE DE VEICULOS: 43

MARCA DO VEICULO: NAO PREENCHIDO
MODELO DO VEICULO: STRADA WORKING
ANO DE FABRICACAO: 2015
NOME DA CIDADE: NOVA LIMA
QUANTIDADE DE VEICULOS: 18

MARCA DO VEICULO: VW
MODELO DO VEICULO: NAO PREENCHIDO
ANO DE FABRICACAO: 2016
NOME DA CIDADE: UBERLANDIA
QUANTIDADE DE VEICULOS: 41

MARCA DO VEICULO: NAO PREENCHIDO
MODELO DO VEICULO: NAO PREENCHIDO
ANO DE FABRICACAO: 2009
NOME DA CIDADE: NAO PREENCHIDO
QUANTIDADE DE VEICULOS: 157

MARCA DO VEICULO: NAO PREENCHIDO
MODELO DO VEICULO: HB20 1M COMFOR
ANO DE FABRICACAO: 2014
NOME DA CIDADE: SALINAS
QUANTIDADE DE VEICULOS: 10

MARCA DO VEICULO: NAO PREENCHIDO
MODELO DO VEICULO: NAO PREENCHIDO
ANO DE FABRICACAO: 2014
NOME DA CIDADE: MANAUS
QUANTIDADE DE VEICULOS: 25

MARCA DO VEICULO: NAO PREENCHIDO
MODELO DO VEICULO: NAO PREENCHIDO
ANO DE FABRICACAO: 2008
NOME DA CIDADE: NAO PREENCHIDO
QUANTIDADE DE VEICULOS: 32

MARCA DO VEICULO: HONDA
MODELO DO VEICULO: C100 BIZ
ANO DE FABRICACAO: 2005
NOME DA CIDADE: CARIUS
QUANTIDADE DE VEICULOS: 11

MARCA DO VEICULO: NAO PREENCHIDO
MODELO DO VEICULO: YBR125I FACTOR ED
ANO DE FABRICACAO: 2018
NOME DA CIDADE: FRUTAL
QUANTIDADE DE VEICULOS: 14

MARCA DO VEICULO: NAO PREENCHIDO
MODELO DO VEICULO: T115 CRYPTON ED
ANO DE FABRICACAO: 2013
NOME DA CIDADE: NAO PREENCHIDO
QUANTIDADE DE VEICULOS: 31

MARCA DO VEICULO: VW
MODELO DO VEICULO: NAO PREENCHIDO
ANO DE FABRICACAO: 2011
NOME DA CIDADE: NAO PREENCHIDO
QUANTIDADE DE VEICULOS: 14

MARCA DO VEICULO: GM
MODELO DO VEICULO: CELTA
ANO DE FABRICACAO: 2001
NOME DA CIDADE: PIRAI DO SUL
QUANTIDADE DE VEICULOS: 23

MARCA DO VEICULO: NAO PREENCHIDO
MODELO DO VEICULO: VOYAGE 1.6 COMFORTL
ANO DE FABRICACAO: 2012
NOME DA CIDADE: NAO PREENCHIDO
QUANTIDADE DE VEICULOS: 11

MARCA DO VEICULO: FIAT
MODELO DO VEICULO: UNO MILLE WAY ECON
ANO DE FABRICACAO: NAO PREENCHIDO
NOME DA CIDADE: NAO PREENCHIDO
QUANTIDADE DE VEICULOS: 36

MARCA DO VEICULO: NAO PREENCHIDO
MODELO DO VEICULO: CB 300R
ANO DE FABRICACAO: 2015
NOME DA CIDADE: MAGE
QUANTIDADE DE VEICULOS: 41

MARCA DO VEICULO: HONDA
MODELO DO VEICULO: NAO PREENCHIDO
ANO DE FABRICACAO: NAO PREENCHIDO
NOME DA CIDADE: CAREIRO
QUANTIDADE DE VEICULOS: 12

MARCA DO VEICULO: HONDA
MODELO DO VEICULO: CG 125 TITAN KS
ANO DE FABRICACAO: 2001
NOME DA CIDADE: CAMPO GRANDE
QUANTIDADE DE VEICULOS: 16

MARCA DO VEICULO: SR
MODELO DO VEICULO: NAO PREENCHIDO
ANO DE FABRICACAO: 2011
NOME DA CIDADE: NAO PREENCHIDO
QUANTIDADE DE VEICULOS: 10

MARCA DO VEICULO: NAO PREENCHIDO
MODELO DO VEICULO: STRADA ENDURANCE CS
ANO DE FABRICACAO: 2020
NOME DA CIDADE: CAUCAIA
QUANTIDADE DE VEICULOS: 12

MARCA DO VEICULO: GM
MODELO DO VEICULO: NAO PREENCHIDO
ANO DE FABRICACAO: 2010
NOME DA CIDADE: SALVADOR
QUANTIDADE DE VEICULOS: 144

MARCA DO VEICULO: NAO PREENCHIDO
MODELO DO VEICULO: ECOSPORT XLT1.6FLEX
ANO DE FABRICACAO: NAO PREENCHIDO
NOME DA CIDADE: PRIMAVERA DO LESTE
QUANTIDADE DE VEICULOS: 16

MARCA DO VEICULO: NAO PREENCHIDO
MODELO DO VEICULO: STRADA HD WK CC E
ANO DE FABRICACAO: NAO PREENCHIDO
NOME DA CIDADE: CAMPINA GRANDE DO SUL
QUANTIDADE DE VEICULOS: 11

MARCA DO VEICULO: NAO PREENCHIDO
MODELO DO VEICULO: NAO PREENCHIDO
ANO DE FABRICACAO: 2014
NOME DA CIDADE: NAO PREENCHIDO
QUANTIDADE DE VEICULOS: 12

MARCA DO VEICULO: DAFRA
MODELO DO VEICULO: TVS APACHE RTR 150
ANO DE FABRICACAO: 2011
NOME DA CIDADE: SAO JOAO DEL REI
QUANTIDADE DE VEICULOS: 12

MARCA DO VEICULO: DAF
MODELO DO VEICULO: NAO PREENCHIDO
ANO DE FABRICACAO: 2021
NOME DA CIDADE: NAO PREENCHIDO
QUANTIDADE DE VEICULOS: 18

MARCA DO VEICULO: RENAULT
MODELO DO VEICULO: SANDERO STEP 16
ANO DE FABRICACAO: 2014
NOME DA CIDADE: TERESOPOLIS
QUANTIDADE DE VEICULOS: 23

MARCA DO VEICULO: JEEP
MODELO DO VEICULO: RENEGADE SPORT AT
ANO DE FABRICACAO: NAO PREENCHIDO
NOME DA CIDADE: OLINDA
QUANTIDADE DE VEICULOS: 11

MARCA DO VEICULO: MOTO TRAXX
MODELO DO VEICULO: NAO PREENCHIDO
ANO DE FABRICACAO: 2014
NOME DA CIDADE: BELEM
QUANTIDADE DE VEICULOS: 20

MARCA DO VEICULO: HONDA
MODELO DO VEICULO: BIZ 100 ES
ANO DE FABRICACAO: 2014
NOME DA CIDADE: NAO PREENCHIDO
QUANTIDADE DE VEICULOS: 11

MARCA DO VEICULO: NAO PREENCHIDO
MODELO DO VEICULO: NAO PREENCHIDO
ANO DE FABRICACAO: 2011
NOME DA CIDADE: NAO PREENCHIDO
QUANTIDADE DE VEICULOS: 140

MARCA DO VEICULO: NAO PREENCHIDO
MODELO DO VEICULO: NAO PREENCHIDO
ANO DE FABRICACAO: 2005
NOME DA CIDADE: LAGARTO
QUANTIDADE DE VEICULOS: 52

MARCA DO VEICULO: NAO PREENCHIDO
MODELO DO VEICULO: HB20 1M COMFOR
ANO DE FABRICACAO: NAO PREENCHIDO
NOME DA CIDADE: NAO PREENCHIDO
QUANTIDADE DE VEICULOS: 140

MARCA DO VEICULO: NISSAN
MODELO DO VEICULO: KICKS S CVT
ANO DE FABRICACAO: NAO PREENCHIDO
NOME DA CIDADE: BRASILIA
QUANTIDADE DE VEICULOS: 139

MARCA DO VEICULO: FORD
MODELO DO VEICULO: ECOSPORT FSL AT 1.5
ANO DE FABRICACAO: 2018
NOME DA CIDADE: NAO PREENCHIDO
QUANTIDADE DE VEICULOS: 12

MARCA DO VEICULO: NAO PREENCHIDO
MODELO DO VEICULO: YBR150 FACTOR ED
ANO DE FABRICACAO: NAO PREENCHIDO
NOME DA CIDADE: JAPERI
QUANTIDADE DE VEICULOS: 26

MARCA DO VEICULO: FIAT
MODELO DO VEICULO: PALIO FIRE FLEX
ANO DE FABRICACAO: 2008
NOME DA CIDADE: NAO PREENCHIDO
QUANTIDADE DE VEICULOS: 19

MARCA DO VEICULO: VW
MODELO DO VEICULO: KOMBI
ANO DE FABRICACAO: 1997
NOME DA CIDADE: FAZENDA RIO GRANDE
QUANTIDADE DE VEICULOS: 12

MARCA DO VEICULO: NAO PREENCHIDO
MODELO DO VEICULO: NAO PREENCHIDO
ANO DE FABRICACAO: 2014
NOME DA CIDADE: NAO PREENCHIDO
QUANTIDADE DE VEICULOS: 13

MARCA DO VEICULO: HONDA
MODELO DO VEICULO: FIT TWIST
ANO DE FABRICACAO: 2012
NOME DA CIDADE: NAO PREENCHIDO
QUANTIDADE DE VEICULOS: 27

MARCA DO VEICULO: HONDA
MODELO DO VEICULO: NAO PREENCHIDO
ANO DE FABRICACAO: 2008
NOME DA CIDADE: NAO PREENCHIDO
QUANTIDADE DE VEICULOS: 10

MARCA DO VEICULO: HONDA
MODELO DO VEICULO: NAO PREENCHIDO
ANO DE FABRICACAO: 2013
NOME DA CIDADE: JUTAI
QUANTIDADE DE VEICULOS: 18

MARCA DO VEICULO: NAO PREENCHIDO
MODELO DO VEICULO: HUNTER 90
ANO DE FABRICACAO: 2006
NOME DA CIDADE: GUARANTA DO NORTE
QUANTIDADE DE VEICULOS: 11

MARCA DO VEICULO: NAO PREENCHIDO
MODELO DO VEICULO: POLO SEDAN 1.6
ANO DE FABRICACAO: 2008
NOME DA CIDADE: CASCAVEL
QUANTIDADE DE VEICULOS: 41

MARCA DO VEICULO: FORD
MODELO DO VEICULO: CARGO 1517 E
ANO DE FABRICACAO: NAO PREENCHIDO
NOME DA CIDADE: NAO PREENCHIDO
QUANTIDADE DE VEICULOS: 30

MARCA DO VEICULO: FIAT
MODELO DO VEICULO: PALIO EL
ANO DE FABRICACAO: 1996
NOME DA CIDADE: ARAPIRACA
QUANTIDADE DE VEICULOS: 17

MARCA DO VEICULO: FIAT
MODELO DO VEICULO: NAO PREENCHIDO
ANO DE FABRICACAO: NAO PREENCHIDO
NOME DA CIDADE: NAO PREENCHIDO
QUANTIDADE DE VEICULOS: 12

MARCA DO VEICULO: HONDA
MODELO DO VEICULO: NAO PREENCHIDO
ANO DE FABRICACAO: 2014
NOME DA CIDADE: LAURO DE FREITAS
QUANTIDADE DE VEICULOS: 13

MARCA DO VEICULO: NAO PREENCHIDO
MODELO DO VEICULO: NAO PREENCHIDO
ANO DE FABRICACAO: NAO PREENCHIDO
NOME DA CIDADE: NAO PREENCHIDO
QUANTIDADE DE VEICULOS: 11

MARCA DO VEICULO: FIAT
MODELO DO VEICULO: UNO ATTRACTIVE 1.0
ANO DE FABRICACAO: NAO PREENCHIDO
NOME DA CIDADE: BARREIRAS
QUANTIDADE DE VEICULOS: 26

MARCA DO VEICULO: NAO PREENCHIDO
MODELO DO VEICULO: NAO PREENCHIDO
ANO DE FABRICACAO: 1989
NOME DA CIDADE: NAO PREENCHIDO
QUANTIDADE DE VEICULOS: 10

MARCA DO VEICULO: HONDA
MODELO DO VEICULO: NAO PREENCHIDO
ANO DE FABRICACAO: NAO PREENCHIDO
NOME DA CIDADE: NAO PREENCHIDO
QUANTIDADE DE VEICULOS: 10

MARCA DO VEICULO: VW
MODELO DO VEICULO: BRASILIA
ANO DE FABRICACAO: 1977
NOME DA CIDADE: CARMO DO CAJURU
QUANTIDADE DE VEICULOS: 11

MARCA DO VEICULO: HONDA
MODELO DO VEICULO: CG 150 TITAN KS
ANO DE FABRICACAO: 2005
NOME DA CIDADE: MIMOSO DO SUL
QUANTIDADE DE VEICULOS: 20

MARCA DO VEICULO: NAO PREENCHIDO
MODELO DO VEICULO: VERSA 16SV CVT
ANO DE FABRICACAO: 2016
NOME DA CIDADE: NAO PREENCHIDO
QUANTIDADE DE VEICULOS: 127

MARCA DO VEICULO: HONDA
MODELO DO VEICULO: NXR150 BROS MIX ES
ANO DE FABRICACAO: 2010
NOME DA CIDADE: NAO PREENCHIDO
QUANTIDADE DE VEICULOS: 12

MARCA DO VEICULO: HONDA
MODELO DO VEICULO: NAO PREENCHIDO
ANO DE FABRICACAO: 2013
NOME DA CIDADE: UNAI
QUANTIDADE DE VEICULOS: 16

MARCA DO VEICULO: FORD
MODELO DO VEICULO: FIESTA 1.6 FLEX
ANO DE FABRICACAO: 2008
NOME DA CIDADE: NAO PREENCHIDO
QUANTIDADE DE VEICULOS: 15

MARCA DO VEICULO: HONDA
MODELO DO VEICULO: NAO PREENCHIDO
ANO DE FABRICACAO: 2007
NOME DA CIDADE: NAO PREENCHIDO
QUANTIDADE DE VEICULOS: 32

MARCA DO VEICULO: JTA
MODELO DO VEICULO: SUZUKI EN125 YES
ANO DE FABRICACAO: 2008
NOME DA CIDADE: RIACHO DE SANTANA
QUANTIDADE DE VEICULOS: 13

MARCA DO VEICULO: NAO PREENCHIDO
MODELO DO VEICULO: NAO PREENCHIDO
ANO DE FABRICACAO: 2020
NOME DA CIDADE: NAO PREENCHIDO
QUANTIDADE DE VEICULOS: 11

MARCA DO VEICULO: NAO PREENCHIDO
MODELO DO VEICULO: NAO PREENCHIDO
ANO DE FABRICACAO: 2016
NOME DA CIDADE: SERRA
QUANTIDADE DE VEICULOS: 28

MARCA DO VEICULO: NAO PREENCHIDO
MODELO DO VEICULO: NAO PREENCHIDO
ANO DE FABRICACAO: 2021
NOME DA CIDADE: NAO PREENCHIDO
QUANTIDADE DE VEICULOS: 20

MARCA DO VEICULO: NAO PREENCHIDO
MODELO DO VEICULO: NAO PREENCHIDO
ANO DE FABRICACAO: 1981
NOME DA CIDADE: NAO PREENCHIDO
QUANTIDADE DE VEICULOS: 122

MARCA DO VEICULO: NAO PREENCHIDO
MODELO DO VEICULO: NAO PREENCHIDO
ANO DE FABRICACAO: 2017
NOME DA CIDADE: NAO PREENCHIDO
QUANTIDADE DE VEICULOS: 11

MARCA DO VEICULO: NAO PREENCHIDO
MODELO DO VEICULO: NXR150 BROS ES
ANO DE FABRICACAO: 2007
NOME DA CIDADE: NAO PREENCHIDO
QUANTIDADE DE VEICULOS: 16

MARCA DO VEICULO: HONDA
MODELO DO VEICULO: CG 125 TITAN
ANO DE FABRICACAO: 1998
NOME DA CIDADE: NAO PREENCHIDO
QUANTIDADE DE VEICULOS: 121

MARCA DO VEICULO: HONDA
MODELO DO VEICULO: CG 150 TITAN ES
ANO DE FABRICACAO: 2008
NOME DA CIDADE: NAO PREENCHIDO
QUANTIDADE DE VEICULOS: 121

MARCA DO VEICULO: NAO PREENCHIDO
MODELO DO VEICULO: NAO PREENCHIDO
ANO DE FABRICACAO: NAO PREENCHIDO
NOME DA CIDADE: NAO PREENCHIDO
QUANTIDADE DE VEICULOS: 10

MARCA DO VEICULO: NAO PREENCHIDO
MODELO DO VEICULO: NAO PREENCHIDO
ANO DE FABRICACAO: NAO PREENCHIDO
NOME DA CIDADE: NOVA IGUACU
QUANTIDADE DE VEICULOS: 119

MARCA DO VEICULO: CHEVROLET
MODELO DO VEICULO: NAO PREENCHIDO
ANO DE FABRICACAO: 2020
NOME DA CIDADE: MANAUS
QUANTIDADE DE VEICULOS: 119

MARCA DO VEICULO: VW
MODELO DO VEICULO: GOLF 1.6 SPORTLINE
ANO DE FABRICACAO: 2011
NOME DA CIDADE: URUACU
QUANTIDADE DE VEICULOS: 19

MARCA DO VEICULO: HONDA
MODELO DO VEICULO: CG 125 FAN
ANO DE FABRICACAO: 2008
NOME DA CIDADE: CAPELA DO ALTO ALEGRE
QUANTIDADE DE VEICULOS: 47

MARCA DO VEICULO: NAO PREENCHIDO
MODELO DO VEICULO: BIZ 125 KS
ANO DE FABRICACAO: NAO PREENCHIDO
NOME DA CIDADE: NAO PREENCHIDO
QUANTIDADE DE VEICULOS: 13

MARCA DO VEICULO: NAO PREENCHIDO
MODELO DO VEICULO: NAO PREENCHIDO
ANO DE FABRICACAO: 2018
NOME DA CIDADE: RIO BRANCO
QUANTIDADE DE VEICULOS: 118

MARCA DO VEICULO: VW
MODELO DO VEICULO: KOMBI
ANO DE FABRICACAO: 2002
NOME DA CIDADE: NAO PREENCHIDO
QUANTIDADE DE VEICULOS: 37

MARCA DO VEICULO: GM
MODELO DO VEICULO: D20 CUSTOM S
ANO DE FABRICACAO: 1993
NOME DA CIDADE: CASTELO DO PIAUI
QUANTIDADE DE VEICULOS: 10

MARCA DO VEICULO: NAO PREENCHIDO
MODELO DO VEICULO: XL 125 S
ANO DE FABRICACAO: 1988
NOME DA CIDADE: BAIXO GUANDU
QUANTIDADE DE VEICULOS: 10

MARCA DO VEICULO: NAO PREENCHIDO
MODELO DO VEICULO: GOL 1.0
ANO DE FABRICACAO: 2004
NOME DA CIDADE: ARACATI
QUANTIDADE DE VEICULOS: 20

MARCA DO VEICULO: GM
MODELO DO VEICULO: ASTRA HB 2P ADVANTAGE
ANO DE FABRICACAO: 2005
NOME DA CIDADE: ALMIRANTE TAMANDARE
QUANTIDADE DE VEICULOS: 10

MARCA DO VEICULO: VW
MODELO DO VEICULO: NAO PREENCHIDO
ANO DE FABRICACAO: 2006
NOME DA CIDADE: ITAPIPOCA
QUANTIDADE DE VEICULOS: 24

MARCA DO VEICULO: VW
MODELO DO VEICULO: VOYAGE
ANO DE FABRICACAO: 1983
NOME DA CIDADE: NAO PREENCHIDO
QUANTIDADE DE VEICULOS: 115

MARCA DO VEICULO: HONDA
MODELO DO VEICULO: CG150 TITAN MIX EX
ANO DE FABRICACAO: 2009
NOME DA CIDADE: NAO PREENCHIDO
QUANTIDADE DE VEICULOS: 19

MARCA DO VEICULO: NAO PREENCHIDO
MODELO DO VEICULO: NAO PREENCHIDO
ANO DE FABRICACAO: 2004
NOME DA CIDADE: NOVO PROGRESSO
QUANTIDADE DE VEICULOS: 37

MARCA DO VEICULO: NAO PREENCHIDO
MODELO DO VEICULO: NAO PREENCHIDO
ANO DE FABRICACAO: NAO PREENCHIDO
NOME DA CIDADE: NEPOMUCENO
QUANTIDADE DE VEICULOS: 36

MARCA DO VEICULO: NAO PREENCHIDO
MODELO DO VEICULO: HB20 1.6M COMF
ANO DE FABRICACAO: NAO PREENCHIDO
NOME DA CIDADE: CARIACICA
QUANTIDADE DE VEICULOS: 16

MARCA DO VEICULO: VW
MODELO DO VEICULO: FOX 1.6 GII
ANO DE FABRICACAO: 2011
NOME DA CIDADE: CURVELO
QUANTIDADE DE VEICULOS: 13

MARCA DO VEICULO: HONDA
MODELO DO VEICULO: NAO PREENCHIDO
ANO DE FABRICACAO: 2011
NOME DA CIDADE: NATAL
QUANTIDADE DE VEICULOS: 113

MARCA DO VEICULO: NAO PREENCHIDO
MODELO DO VEICULO: NAO PREENCHIDO
ANO DE FABRICACAO: 2002
NOME DA CIDADE: NAO PREENCHIDO
QUANTIDADE DE VEICULOS: 12

MARCA DO VEICULO: NAO PREENCHIDO
MODELO DO VEICULO: NAO PREENCHIDO
ANO DE FABRICACAO: 1993
NOME DA CIDADE: NAO PREENCHIDO
QUANTIDADE DE VEICULOS: 11

MARCA DO VEICULO: NAO PREENCHIDO
MODELO DO VEICULO: NAO PREENCHIDO
ANO DE FABRICACAO: 2004
NOME DA CIDADE: NAO PREENCHIDO
QUANTIDADE DE VEICULOS: 36

MARCA DO VEICULO: NAO PREENCHIDO
MODELO DO VEICULO: KOMBI
ANO DE FABRICACAO: 1994
NOME DA CIDADE: DOMINGOS MARTINS
QUANTIDADE DE VEICULOS: 10

MARCA DO VEICULO: NAO PREENCHIDO
MODELO DO VEICULO: NAO PREENCHIDO
ANO DE FABRICACAO: 1992
NOME DA CIDADE: NAO PREENCHIDO
QUANTIDADE DE VEICULOS: 112

MARCA DO VEICULO: CHEVROLET
MODELO DO VEICULO: NAO PREENCHIDO
ANO DE FABRICACAO: 2014
NOME DA CIDADE: PONTA GROSSA
QUANTIDADE DE VEICULOS: 37

MARCA DO VEICULO: GM
MODELO DO VEICULO: VECTRA GLS
ANO DE FABRICACAO: 1996
NOME DA CIDADE: CAFELANDIA
QUANTIDADE DE VEICULOS: 17

MARCA DO VEICULO: NAO PREENCHIDO
MODELO DO VEICULO: FIORINO IE
ANO DE FABRICACAO: 1996
NOME DA CIDADE: POCOS DE CALDAS
QUANTIDADE DE VEICULOS: 14

MARCA DO VEICULO: NAO PREENCHIDO
MODELO DO VEICULO: CLASSIC LS
ANO DE FABRICACAO: 2010
NOME DA CIDADE: SANTA MARIANA
QUANTIDADE DE VEICULOS: 12

MARCA DO VEICULO: HONDA
MODELO DO VEICULO: CG 125 TITAN KS
ANO DE FABRICACAO: 2000
NOME DA CIDADE: NAO PREENCHIDO
QUANTIDADE DE VEICULOS: 13

MARCA DO VEICULO: VW
MODELO DO VEICULO: PARATI
ANO DE FABRICACAO: 1983
NOME DA CIDADE: BETIM
QUANTIDADE DE VEICULOS: 24

MARCA DO VEICULO: HONDA
MODELO DO VEICULO: CG 160 FAN ESDI
ANO DE FABRICACAO: 2017
NOME DA CIDADE: RIO VERDE
QUANTIDADE DE VEICULOS: 110

MARCA DO VEICULO: HONDA
MODELO DO VEICULO: CG 125 TITAN
ANO DE FABRICACAO: 1998
NOME DA CIDADE: NAO PREENCHIDO
QUANTIDADE DE VEICULOS: 110

MARCA DO VEICULO: VW
MODELO DO VEICULO: NAO PREENCHIDO
ANO DE FABRICACAO: NAO PREENCHIDO
NOME DA CIDADE: SAO GONCALO
QUANTIDADE DE VEICULOS: 25

MARCA DO VEICULO: NAO PREENCHIDO
MODELO DO VEICULO: CORSA HATCH MAXX
ANO DE FABRICACAO: 2006
NOME DA CIDADE: NAO PREENCHIDO
QUANTIDADE DE VEICULOS: 34

MARCA DO VEICULO: GM
MODELO DO VEICULO: NAO PREENCHIDO
ANO DE FABRICACAO: 2009
NOME DA CIDADE: BONITO
QUANTIDADE DE VEICULOS: 13

MARCA DO VEICULO: NAO PREENCHIDO
MODELO DO VEICULO: 207PASSION XR
ANO DE FABRICACAO: 2011
NOME DA CIDADE: NAO PREENCHIDO
QUANTIDADE DE VEICULOS: 37

MARCA DO VEICULO: GM
MODELO DO VEICULO: VECTRA EXPRESSION
ANO DE FABRICACAO: 2004
NOME DA CIDADE: NAO PREENCHIDO
QUANTIDADE DE VEICULOS: 21

MARCA DO VEICULO: CHEVROLET
MODELO DO VEICULO: ONIX 1.4AT LTZ
ANO DE FABRICACAO: NAO PREENCHIDO
NOME DA CIDADE: TEIXEIRA DE FREITAS
QUANTIDADE DE VEICULOS: 10

MARCA DO VEICULO: VW
MODELO DO VEICULO: NAO PREENCHIDO
ANO DE FABRICACAO: 1992
NOME DA CIDADE: CONTAGEM
QUANTIDADE DE VEICULOS: 36

MARCA DO VEICULO: HONDA
MODELO DO VEICULO: NAO PREENCHIDO
ANO DE FABRICACAO: 2012
NOME DA CIDADE: LAGARTO
QUANTIDADE DE VEICULOS: 108

MARCA DO VEICULO: HONDA
MODELO DO VEICULO: BIZ 100 ES
ANO DE FABRICACAO: NAO PREENCHIDO
NOME DA CIDADE: CODO
QUANTIDADE DE VEICULOS: 107

MARCA DO VEICULO: GM
MODELO DO VEICULO: CORSA GL
ANO DE FABRICACAO: 1996
NOME DA CIDADE: NOVO GAMA
QUANTIDADE DE VEICULOS: 17

MARCA DO VEICULO: FIAT
MODELO DO VEICULO: PALIO FIRE
ANO DE FABRICACAO: 2004
NOME DA CIDADE: MONTE ALEGRE
QUANTIDADE DE VEICULOS: 14

MARCA DO VEICULO: NAO PREENCHIDO
MODELO DO VEICULO: NXR150 BROS ESD
ANO DE FABRICACAO: 2006
NOME DA CIDADE: NAO PREENCHIDO
QUANTIDADE DE VEICULOS: 37

MARCA DO VEICULO: FORD
MODELO DO VEICULO: KA FLEX
ANO DE FABRICACAO: NAO PREENCHIDO
NOME DA CIDADE: CORUMBA
QUANTIDADE DE VEICULOS: 32

MARCA DO VEICULO: FIAT
MODELO DO VEICULO: SIENA EL 1.4 FLEX
ANO DE FABRICACAO: 2012
NOME DA CIDADE: SANTO ANTONIO DO MONTE
QUANTIDADE DE VEICULOS: 12

MARCA DO VEICULO: FIAT
MODELO DO VEICULO: PALIO FIRE ECONOMY
ANO DE FABRICACAO: NAO PREENCHIDO
NOME DA CIDADE: NAO PREENCHIDO
QUANTIDADE DE VEICULOS: 104

MARCA DO VEICULO: NAO PREENCHIDO
MODELO DO VEICULO: NAO PREENCHIDO
ANO DE FABRICACAO: 2007
NOME DA CIDADE: CASTELO
QUANTIDADE DE VEICULOS: 10

MARCA DO VEICULO: HONDA
MODELO DO VEICULO: NAO PREENCHIDO
ANO DE FABRICACAO: 2000
NOME DA CIDADE: PETROLINA
QUANTIDADE DE VEICULOS: 104

MARCA DO VEICULO: VW
MODELO DO VEICULO: NAO PREENCHIDO
ANO DE FABRICACAO: 2014
NOME DA CIDADE: NAO PREENCHIDO
QUANTIDADE DE VEICULOS: 11

MARCA DO VEICULO: NAO PREENCHIDO
MODELO DO VEICULO: HB20S 1.6A PREM
ANO DE FABRICACAO: 2013
NOME DA CIDADE: SAO LUIS
QUANTIDADE DE VEICULOS: 40

MARCA DO VEICULO: FIAT
MODELO DO VEICULO: FIORINO 1.4 FLEX
ANO DE FABRICACAO: 2020
NOME DA CIDADE: BRASILIA
QUANTIDADE DE VEICULOS: 45

MARCA DO VEICULO: FIAT
MODELO DO VEICULO: NAO PREENCHIDO
ANO DE FABRICACAO: 2009
NOME DA CIDADE: NAO PREENCHIDO
QUANTIDADE DE VEICULOS: 20

MARCA DO VEICULO: NAO PREENCHIDO
MODELO DO VEICULO: TEMPRA 16V
ANO DE FABRICACAO: 1996
NOME DA CIDADE: FORTALEZA
QUANTIDADE DE VEICULOS: 28

MARCA DO VEICULO: NAO PREENCHIDO
MODELO DO VEICULO: CG150 FAN ESDI
ANO DE FABRICACAO: 2010
NOME DA CIDADE: TANGARA DA SERRA
QUANTIDADE DE VEICULOS: 18

MARCA DO VEICULO: FIAT
MODELO DO VEICULO: PALIO ED
ANO DE FABRICACAO: 1996
NOME DA CIDADE: APARECIDA DE GOIANIA
QUANTIDADE DE VEICULOS: 102

MARCA DO VEICULO: NAO PREENCHIDO
MODELO DO VEICULO: NAO PREENCHIDO
ANO DE FABRICACAO: 2021
NOME DA CIDADE: XINGUARA
QUANTIDADE DE VEICULOS: 33

MARCA DO VEICULO: NAO PREENCHIDO
MODELO DO VEICULO: UNO CS
ANO DE FABRICACAO: NAO PREENCHIDO
NOME DA CIDADE: ABAETE
QUANTIDADE DE VEICULOS: 10

MARCA DO VEICULO: HONDA
MODELO DO VEICULO: BIZ 125 ES
ANO DE FABRICACAO: NAO PREENCHIDO
NOME DA CIDADE: NAO PREENCHIDO
QUANTIDADE DE VEICULOS: 11

MARCA DO VEICULO: FORD
MODELO DO VEICULO: NAO PREENCHIDO
ANO DE FABRICACAO: 1978
NOME DA CIDADE: RIO DE JANEIRO
QUANTIDADE DE VEICULOS: 100

MARCA DO VEICULO: YAMAHA
MODELO DO VEICULO: YBR 125ED
ANO DE FABRICACAO: 2002
NOME DA CIDADE: NAO PREENCHIDO
QUANTIDADE DE VEICULOS: 18

MARCA DO VEICULO: HONDA
MODELO DO VEICULO: POP100
ANO DE FABRICACAO: 2012
NOME DA CIDADE: BARRA DE GUABIRABA
QUANTIDADE DE VEICULOS: 17

MARCA DO VEICULO: VW
MODELO DO VEICULO: NAO PREENCHIDO
ANO DE FABRICACAO: 2006
NOME DA CIDADE: IPANEMA
QUANTIDADE DE VEICULOS: 28

MARCA DO VEICULO: NAO PREENCHIDO
MODELO DO VEICULO: SANTANA
ANO DE FABRICACAO: NAO PREENCHIDO
NOME DA CIDADE: NAO PREENCHIDO
QUANTIDADE DE VEICULOS: 11

MARCA DO VEICULO: HONDA
MODELO DO VEICULO: CG 125 TITAN KSE
ANO DE FABRICACAO: 2003
NOME DA CIDADE: MARAVILHA
QUANTIDADE DE VEICULOS: 10

MARCA DO VEICULO: GM
MODELO DO VEICULO: MERIVA PREMIUM
ANO DE FABRICACAO: 2008
NOME DA CIDADE: VITORIA
QUANTIDADE DE VEICULOS: 10

MARCA DO VEICULO: NAO PREENCHIDO
MODELO DO VEICULO: CG 160 TITAN EX
ANO DE FABRICACAO: 2016
NOME DA CIDADE: MAUES
QUANTIDADE DE VEICULOS: 14

MARCA DO VEICULO: YAMAHA
MODELO DO VEICULO: NAO PREENCHIDO
ANO DE FABRICACAO: NAO PREENCHIDO
NOME DA CIDADE: ARAPIRACA
QUANTIDADE DE VEICULOS: 14

MARCA DO VEICULO: VW
MODELO DO VEICULO: FOX 1.0
ANO DE FABRICACAO: 2005
NOME DA CIDADE: ARCOS
QUANTIDADE DE VEICULOS: 11

MARCA DO VEICULO: VW
MODELO DO VEICULO: NAO PREENCHIDO
ANO DE FABRICACAO: 2001
NOME DA CIDADE: NAO PREENCHIDO
QUANTIDADE DE VEICULOS: 26

MARCA DO VEICULO: NAO PREENCHIDO
MODELO DO VEICULO: NAO PREENCHIDO
ANO DE FABRICACAO: 2013
NOME DA CIDADE: GOIANIA
QUANTIDADE DE VEICULOS: 97

MARCA DO VEICULO: HONDA
MODELO DO VEICULO: NAO PREENCHIDO
ANO DE FABRICACAO: 2009
NOME DA CIDADE: PARAUAPEBAS
QUANTIDADE DE VEICULOS: 18

MARCA DO VEICULO: NAO PREENCHIDO
MODELO DO VEICULO: NAO PREENCHIDO
ANO DE FABRICACAO: 1982
NOME DA CIDADE: NAO PREENCHIDO
QUANTIDADE DE VEICULOS: 97

MARCA DO VEICULO: GM
MODELO DO VEICULO: CORSA WIND
ANO DE FABRICACAO: 1995
NOME DA CIDADE: MARABA
QUANTIDADE DE VEICULOS: 35

MARCA DO VEICULO: NAO PREENCHIDO
MODELO DO VEICULO: NAO PREENCHIDO
ANO DE FABRICACAO: 2005
NOME DA CIDADE: NAO PREENCHIDO
QUANTIDADE DE VEICULOS: 12

MARCA DO VEICULO: HONDA
MODELO DO VEICULO: NAO PREENCHIDO
ANO DE FABRICACAO: 2010
NOME DA CIDADE: MARICA
QUANTIDADE DE VEICULOS: 10

MARCA DO VEICULO: FIAT
MODELO DO VEICULO: UNO MILLE FIRE FLEX
ANO DE FABRICACAO: NAO PREENCHIDO
NOME DA CIDADE: NAO PREENCHIDO
QUANTIDADE DE VEICULOS: 10

MARCA DO VEICULO: HONDA
MODELO DO VEICULO: POP100
ANO DE FABRICACAO: 2015
NOME DA CIDADE: NAO PREENCHIDO
QUANTIDADE DE VEICULOS: 10

MARCA DO VEICULO: NAO PREENCHIDO
MODELO DO VEICULO: NAO PREENCHIDO
ANO DE FABRICACAO: 2000
NOME DA CIDADE: COLORADO
QUANTIDADE DE VEICULOS: 10

MARCA DO VEICULO: VW
MODELO DO VEICULO: FOX 1.0
ANO DE FABRICACAO: 2006
NOME DA CIDADE: NAO PREENCHIDO
QUANTIDADE DE VEICULOS: 10

MARCA DO VEICULO: HONDA
MODELO DO VEICULO: NXR150 BROS ES
ANO DE FABRICACAO: NAO PREENCHIDO
NOME DA CIDADE: NAO PREENCHIDO
QUANTIDADE DE VEICULOS: 21

MARCA DO VEICULO: NAO PREENCHIDO
MODELO DO VEICULO: NAO PREENCHIDO
ANO DE FABRICACAO: NAO PREENCHIDO
NOME DA CIDADE: NAO PREENCHIDO
QUANTIDADE DE VEICULOS: 12

MARCA DO VEICULO: NAO PREENCHIDO
MODELO DO VEICULO: RENEGADE MOAB
ANO DE FABRICACAO: 2021
NOME DA CIDADE: GOIANIA
QUANTIDADE DE VEICULOS: 34

MARCA DO VEICULO: NAO PREENCHIDO
MODELO DO VEICULO: HUNTER 90
ANO DE FABRICACAO: 2006
NOME DA CIDADE: APARECIDA DE GOIANIA
QUANTIDADE DE VEICULOS: 92

MARCA DO VEICULO: HONDA
MODELO DO VEICULO: NXR 160 BROS
ANO DE FABRICACAO: NAO PREENCHIDO
NOME DA CIDADE: NAO PREENCHIDO
QUANTIDADE DE VEICULOS: 12

MARCA DO VEICULO: NAO PREENCHIDO
MODELO DO VEICULO: CG 125 FAN ESD
ANO DE FABRICACAO: 2013
NOME DA CIDADE: NAO PREENCHIDO
QUANTIDADE DE VEICULOS: 19

MARCA DO VEICULO: FIAT
MODELO DO VEICULO: PALIO FIRE ECONOMY
ANO DE FABRICACAO: 2009
NOME DA CIDADE: CORUMBA
QUANTIDADE DE VEICULOS: 32

MARCA DO VEICULO: NAO PREENCHIDO
MODELO DO VEICULO: NAO PREENCHIDO
ANO DE FABRICACAO: 2011
NOME DA CIDADE: ILICINEA
QUANTIDADE DE VEICULOS: 13

MARCA DO VEICULO: NAO PREENCHIDO
MODELO DO VEICULO: HERCULES C
ANO DE FABRICACAO: NAO PREENCHIDO
NOME DA CIDADE: FORTALEZA
QUANTIDADE DE VEICULOS: 16

MARCA DO VEICULO: TOYOTA
MODELO DO VEICULO: NAO PREENCHIDO
ANO DE FABRICACAO: 2010
NOME DA CIDADE: SARANDI
QUANTIDADE DE VEICULOS: 11

MARCA DO VEICULO: NAO PREENCHIDO
MODELO DO VEICULO: NXR150 BROS ES
ANO DE FABRICACAO: 2012
NOME DA CIDADE: JACUNDA
QUANTIDADE DE VEICULOS: 91

MARCA DO VEICULO: JEEP
MODELO DO VEICULO: NAO PREENCHIDO
ANO DE FABRICACAO: 2017
NOME DA CIDADE: SAO JOSE DOS PINHAIS
QUANTIDADE DE VEICULOS: 24

MARCA DO VEICULO: HONDA
MODELO DO VEICULO: CG 125 CARGO
ANO DE FABRICACAO: 1998
NOME DA CIDADE: NAO PREENCHIDO
QUANTIDADE DE VEICULOS: 90

MARCA DO VEICULO: NAO PREENCHIDO
MODELO DO VEICULO: NAO PREENCHIDO
ANO DE FABRICACAO: 2013
NOME DA CIDADE: CALDAS NOVAS
QUANTIDADE DE VEICULOS: 90

MARCA DO VEICULO: VW
MODELO DO VEICULO: NAO PREENCHIDO
ANO DE FABRICACAO: 2013
NOME DA CIDADE: TORITAMA
QUANTIDADE DE VEICULOS: 16

MARCA DO VEICULO: MAN
MODELO DO VEICULO: TGX 29.480 6X4 T
ANO DE FABRICACAO: 2019
NOME DA CIDADE: SALVADOR
QUANTIDADE DE VEICULOS: 13

MARCA DO VEICULO: VW
MODELO DO VEICULO: FUSCA 1600
ANO DE FABRICACAO: 1985
NOME DA CIDADE: SAO JOSE DOS PINHAIS
QUANTIDADE DE VEICULOS: 38

MARCA DO VEICULO: HONDA
MODELO DO VEICULO: NAO PREENCHIDO
ANO DE FABRICACAO: 2011
NOME DA CIDADE: NAO PREENCHIDO
QUANTIDADE DE VEICULOS: 89

MARCA DO VEICULO: HYUNDAI
MODELO DO VEICULO: NAO PREENCHIDO
ANO DE FABRICACAO: 2019
NOME DA CIDADE: NAO PREENCHIDO
QUANTIDADE DE VEICULOS: 10

MARCA DO VEICULO: NAO PREENCHIDO
MODELO DO VEICULO: NAO PREENCHIDO
ANO DE FABRICACAO: 2005
NOME DA CIDADE: NAO PREENCHIDO
QUANTIDADE DE VEICULOS: 14

MARCA DO VEICULO: YAMAHA
MODELO DO VEICULO: CRYPTON T105E
ANO DE FABRICACAO: 1999
NOME DA CIDADE: CARUARU
QUANTIDADE DE VEICULOS: 11

MARCA DO VEICULO: GM
MODELO DO VEICULO: CORSA GL
ANO DE FABRICACAO: 1997
NOME DA CIDADE: PETROPOLIS
QUANTIDADE DE VEICULOS: 49

MARCA DO VEICULO: NAO PREENCHIDO
MODELO DO VEICULO: BIZ 125
ANO DE FABRICACAO: NAO PREENCHIDO
NOME DA CIDADE: TURVANIA
QUANTIDADE DE VEICULOS: 10

MARCA DO VEICULO: NAO PREENCHIDO
MODELO DO VEICULO: FOX 1.0
ANO DE FABRICACAO: 2007
NOME DA CIDADE: NAO PREENCHIDO
QUANTIDADE DE VEICULOS: 16

MARCA DO VEICULO: NAO PREENCHIDO
MODELO DO VEICULO: NAO PREENCHIDO
ANO DE FABRICACAO: NAO PREENCHIDO
NOME DA CIDADE: ANDRADAS
QUANTIDADE DE VEICULOS: 10

MARCA DO VEICULO: GM
MODELO DO VEICULO: NAO PREENCHIDO
ANO DE FABRICACAO: 1991
NOME DA CIDADE: CURITIBA
QUANTIDADE DE VEICULOS: 17

MARCA DO VEICULO: GM
MODELO DO VEICULO: CHEVETTE HATCH SL
ANO DE FABRICACAO: 1985
NOME DA CIDADE: RIO DE JANEIRO
QUANTIDADE DE VEICULOS: 14

MARCA DO VEICULO: VW
MODELO DO VEICULO: NAO PREENCHIDO
ANO DE FABRICACAO: 2011
NOME DA CIDADE: NAO PREENCHIDO
QUANTIDADE DE VEICULOS: 49

MARCA DO VEICULO: FIAT
MODELO DO VEICULO: NAO PREENCHIDO
ANO DE FABRICACAO: NAO PREENCHIDO
NOME DA CIDADE: BETIM
QUANTIDADE DE VEICULOS: 25

MARCA DO VEICULO: HONDA
MODELO DO VEICULO: NXR150 BROS ES
ANO DE FABRICACAO: NAO PREENCHIDO
NOME DA CIDADE: JAPONVAR
QUANTIDADE DE VEICULOS: 21

MARCA DO VEICULO: HONDA
MODELO DO VEICULO: NAO PREENCHIDO
ANO DE FABRICACAO: NAO PREENCHIDO
NOME DA CIDADE: JUATUBA
QUANTIDADE DE VEICULOS: 14

MARCA DO VEICULO: NAO PREENCHIDO
MODELO DO VEICULO: CROSSFOX
ANO DE FABRICACAO: 2007
NOME DA CIDADE: HORIZONTE
QUANTIDADE DE VEICULOS: 10

MARCA DO VEICULO: NAO PREENCHIDO
MODELO DO VEICULO: NXR160 BROS ESDD
ANO DE FABRICACAO: 2015
NOME DA CIDADE: NAO PREENCHIDO
QUANTIDADE DE VEICULOS: 11

MARCA DO VEICULO: NAO PREENCHIDO
MODELO DO VEICULO: NAO PREENCHIDO
ANO DE FABRICACAO: 1978
NOME DA CIDADE: NAO PREENCHIDO
QUANTIDADE DE VEICULOS: 27

MARCA DO VEICULO: SUNDOWN
MODELO DO VEICULO: NAO PREENCHIDO
ANO DE FABRICACAO: 2007
NOME DA CIDADE: NAO PREENCHIDO
QUANTIDADE DE VEICULOS: 87

MARCA DO VEICULO: VW
MODELO DO VEICULO: NOVO GOL 1.6
ANO DE FABRICACAO: 2012
NOME DA CIDADE: NAO PREENCHIDO
QUANTIDADE DE VEICULOS: 17

MARCA DO VEICULO: FIAT
MODELO DO VEICULO: STRADA FREEDOM 13CD
ANO DE FABRICACAO: 2021
NOME DA CIDADE: SORRISO
QUANTIDADE DE VEICULOS: 26

MARCA DO VEICULO: FIAT
MODELO DO VEICULO: NAO PREENCHIDO
ANO DE FABRICACAO: 2016
NOME DA CIDADE: NAO PREENCHIDO
QUANTIDADE DE VEICULOS: 15

MARCA DO VEICULO: NAO PREENCHIDO
MODELO DO VEICULO: NAO PREENCHIDO
ANO DE FABRICACAO: 2003
NOME DA CIDADE: SANTA INES
QUANTIDADE DE VEICULOS: 14

MARCA DO VEICULO: NAO PREENCHIDO
MODELO DO VEICULO: CORSA SEDAN MAXX
ANO DE FABRICACAO: 2004
NOME DA CIDADE: NAO PREENCHIDO
QUANTIDADE DE VEICULOS: 86

MARCA DO VEICULO: HONDA
MODELO DO VEICULO: CG 125 FAN ES
ANO DE FABRICACAO: 2011
NOME DA CIDADE: GROAIRAS
QUANTIDADE DE VEICULOS: 20

MARCA DO VEICULO: GM
MODELO DO VEICULO: NAO PREENCHIDO
ANO DE FABRICACAO: NAO PREENCHIDO
NOME DA CIDADE: GOIANIA
QUANTIDADE DE VEICULOS: 13

MARCA DO VEICULO: FIAT
MODELO DO VEICULO: NAO PREENCHIDO
ANO DE FABRICACAO: 2006
NOME DA CIDADE: NAO PREENCHIDO
QUANTIDADE DE VEICULOS: 42

MARCA DO VEICULO: NAO PREENCHIDO
MODELO DO VEICULO: PASSAT
ANO DE FABRICACAO: 1979
NOME DA CIDADE: NAO PREENCHIDO
QUANTIDADE DE VEICULOS: 85

MARCA DO VEICULO: FORD
MODELO DO VEICULO: NAO PREENCHIDO
ANO DE FABRICACAO: 2017
NOME DA CIDADE: PORTO VELHO
QUANTIDADE DE VEICULOS: 32

MARCA DO VEICULO: HONDA
MODELO DO VEICULO: NXR150 BROS ES
ANO DE FABRICACAO: 2012
NOME DA CIDADE: NOVA OLINDA
QUANTIDADE DE VEICULOS: 26

MARCA DO VEICULO: NAO PREENCHIDO
MODELO DO VEICULO: TORO VOLCANO AT9 D4
ANO DE FABRICACAO: 2019
NOME DA CIDADE: ARACRUZ
QUANTIDADE DE VEICULOS: 12

MARCA DO VEICULO: HONDA
MODELO DO VEICULO: NAO PREENCHIDO
ANO DE FABRICACAO: NAO PREENCHIDO
NOME DA CIDADE: NAO PREENCHIDO
QUANTIDADE DE VEICULOS: 10

MARCA DO VEICULO: GM
MODELO DO VEICULO: CHEVETTE
ANO DE FABRICACAO: 1984
NOME DA CIDADE: ITUMBIARA
QUANTIDADE DE VEICULOS: 24

MARCA DO VEICULO: HONDA
MODELO DO VEICULO: NXR150 BROS KS
ANO DE FABRICACAO: 2005
NOME DA CIDADE: NAO PREENCHIDO
QUANTIDADE DE VEICULOS: 16

MARCA DO VEICULO: NAO PREENCHIDO
MODELO DO VEICULO: CAPTUR LIFE 16 A
ANO DE FABRICACAO: 2018
NOME DA CIDADE: MACEIO
QUANTIDADE DE VEICULOS: 83

MARCA DO VEICULO: GM
MODELO DO VEICULO: ASTRA GLS
ANO DE FABRICACAO: 1999
NOME DA CIDADE: NAO PREENCHIDO
QUANTIDADE DE VEICULOS: 34

MARCA DO VEICULO: HONDA
MODELO DO VEICULO: CG 160 FAN ESDI
ANO DE FABRICACAO: 2017
NOME DA CIDADE: POCOS DE CALDAS
QUANTIDADE DE VEICULOS: 48

MARCA DO VEICULO: HYUNDAI
MODELO DO VEICULO: HR HDB
ANO DE FABRICACAO: 2013
NOME DA CIDADE: NAO PREENCHIDO
QUANTIDADE DE VEICULOS: 31

MARCA DO VEICULO: YAMAHA
MODELO DO VEICULO: NAO PREENCHIDO
ANO DE FABRICACAO: NAO PREENCHIDO
NOME DA CIDADE: CONSELHEIRO LAFAIETE
QUANTIDADE DE VEICULOS: 83

MARCA DO VEICULO: FORD
MODELO DO VEICULO: NAO PREENCHIDO
ANO DE FABRICACAO: NAO PREENCHIDO
NOME DA CIDADE: COLOMBO
QUANTIDADE DE VEICULOS: 29

MARCA DO VEICULO: NAO PREENCHIDO
MODELO DO VEICULO: COURIER 1.6 L
ANO DE FABRICACAO: 2001
NOME DA CIDADE: JUIZ DE FORA
QUANTIDADE DE VEICULOS: 15

MARCA DO VEICULO: JTA
MODELO DO VEICULO: SUZUKI INTRUDER 125
ANO DE FABRICACAO: 2004
NOME DA CIDADE: NAO PREENCHIDO
QUANTIDADE DE VEICULOS: 82

MARCA DO VEICULO: HONDA
MODELO DO VEICULO: NAO PREENCHIDO
ANO DE FABRICACAO: 2010
NOME DA CIDADE: ITUIUTABA
QUANTIDADE DE VEICULOS: 15

MARCA DO VEICULO: VW
MODELO DO VEICULO: NAO PREENCHIDO
ANO DE FABRICACAO: 2011
NOME DA CIDADE: NAO PREENCHIDO
QUANTIDADE DE VEICULOS: 12

MARCA DO VEICULO: VW
MODELO DO VEICULO: GOL 1000I
ANO DE FABRICACAO: 1996
NOME DA CIDADE: NAO PREENCHIDO
QUANTIDADE DE VEICULOS: 18

MARCA DO VEICULO: NAO PREENCHIDO
MODELO DO VEICULO: NXR150 BROS ES
ANO DE FABRICACAO: 2010
NOME DA CIDADE: NAO PREENCHIDO
QUANTIDADE DE VEICULOS: 30

MARCA DO VEICULO: HONDA
MODELO DO VEICULO: CG 150 TITAN ESD
ANO DE FABRICACAO: NAO PREENCHIDO
NOME DA CIDADE: NAO PREENCHIDO
QUANTIDADE DE VEICULOS: 15

MARCA DO VEICULO: CHEVROLET
MODELO DO VEICULO: COBALT 1.8 LTZ
ANO DE FABRICACAO: 2012
NOME DA CIDADE: FORTALEZA
QUANTIDADE DE VEICULOS: 82

MARCA DO VEICULO: NAO PREENCHIDO
MODELO DO VEICULO: NAO PREENCHIDO
ANO DE FABRICACAO: 2012
NOME DA CIDADE: PORTO SEGURO
QUANTIDADE DE VEICULOS: 81

MARCA DO VEICULO: NAO PREENCHIDO
MODELO DO VEICULO: NAO PREENCHIDO
ANO DE FABRICACAO: NAO PREENCHIDO
NOME DA CIDADE: PORTO VELHO
QUANTIDADE DE VEICULOS: 81

MARCA DO VEICULO: NAO PREENCHIDO
MODELO DO VEICULO: NAO PREENCHIDO
ANO DE FABRICACAO: 2004
NOME DA CIDADE: NAO PREENCHIDO
QUANTIDADE DE VEICULOS: 13

MARCA DO VEICULO: VW
MODELO DO VEICULO: FUSCA 1300
ANO DE FABRICACAO: 1972
NOME DA CIDADE: CARMO DO RIO CLARO
QUANTIDADE DE VEICULOS: 13

MARCA DO VEICULO: NAO PREENCHIDO
MODELO DO VEICULO: NAO PREENCHIDO
ANO DE FABRICACAO: 2014
NOME DA CIDADE: VICENCIA
QUANTIDADE DE VEICULOS: 18

MARCA DO VEICULO: HONDA
MODELO DO VEICULO: CG 125 TITAN
ANO DE FABRICACAO: 1998
NOME DA CIDADE: SAO LUIS DE MONTES BELOS
QUANTIDADE DE VEICULOS: 80

MARCA DO VEICULO: NAO PREENCHIDO
MODELO DO VEICULO: NAO PREENCHIDO
ANO DE FABRICACAO: 2006
NOME DA CIDADE: NAO PREENCHIDO
QUANTIDADE DE VEICULOS: 10

MARCA DO VEICULO: HYUNDAI
MODELO DO VEICULO: HB20 1.6M PREM
ANO DE FABRICACAO: 2013
NOME DA CIDADE: LONDRINA
QUANTIDADE DE VEICULOS: 25

MARCA DO VEICULO: NAO PREENCHIDO
MODELO DO VEICULO: NAO PREENCHIDO
ANO DE FABRICACAO: 2012
NOME DA CIDADE: NAO PREENCHIDO
QUANTIDADE DE VEICULOS: 29

MARCA DO VEICULO: HONDA
MODELO DO VEICULO: NAO PREENCHIDO
ANO DE FABRICACAO: 2021
NOME DA CIDADE: NAO PREENCHIDO
QUANTIDADE DE VEICULOS: 42

MARCA DO VEICULO: HONDA
MODELO DO VEICULO: NXR160 BROS ESDD
ANO DE FABRICACAO: 2020
NOME DA CIDADE: MESQUITA
QUANTIDADE DE VEICULOS: 21

MARCA DO VEICULO: FORD
MODELO DO VEICULO: ESCORT GHIA
ANO DE FABRICACAO: 1989
NOME DA CIDADE: NITEROI
QUANTIDADE DE VEICULOS: 23

MARCA DO VEICULO: NAO PREENCHIDO
MODELO DO VEICULO: NAO PREENCHIDO
ANO DE FABRICACAO: 2005
NOME DA CIDADE: BARRA MANSA
QUANTIDADE DE VEICULOS: 12

MARCA DO VEICULO: VW
MODELO DO VEICULO: FOX 1 GII
ANO DE FABRICACAO: 2012
NOME DA CIDADE: NAO PREENCHIDO
QUANTIDADE DE VEICULOS: 11

MARCA DO VEICULO: NAO PREENCHIDO
MODELO DO VEICULO: PALIO EDX
ANO DE FABRICACAO: 1997
NOME DA CIDADE: NAO PREENCHIDO
QUANTIDADE DE VEICULOS: 33

MARCA DO VEICULO: M.BENZ
MODELO DO VEICULO: 2423 K
ANO DE FABRICACAO: 2007
NOME DA CIDADE: BRASILIA
QUANTIDADE DE VEICULOS: 12

MARCA DO VEICULO: FORD
MODELO DO VEICULO: NAO PREENCHIDO
ANO DE FABRICACAO: 2006
NOME DA CIDADE: NAO PREENCHIDO
QUANTIDADE DE VEICULOS: 26

MARCA DO VEICULO: PEUGEOT
MODELO DO VEICULO: 206 14 FELINE
ANO DE FABRICACAO: 2005
NOME DA CIDADE: VILA VELHA
QUANTIDADE DE VEICULOS: 19

MARCA DO VEICULO: HONDA
MODELO DO VEICULO: CG 150 TITAN KS
ANO DE FABRICACAO: 2005
NOME DA CIDADE: ANTONIO MARTINS
QUANTIDADE DE VEICULOS: 16

MARCA DO VEICULO: VW
MODELO DO VEICULO: NAO PREENCHIDO
ANO DE FABRICACAO: 2001
NOME DA CIDADE: ANAPOLIS
QUANTIDADE DE VEICULOS: 22

MARCA DO VEICULO: VW
MODELO DO VEICULO: NAO PREENCHIDO
ANO DE FABRICACAO: 1989
NOME DA CIDADE: ANAPOLIS
QUANTIDADE DE VEICULOS: 16

MARCA DO VEICULO: NAO PREENCHIDO
MODELO DO VEICULO: NAO PREENCHIDO
ANO DE FABRICACAO: 2008
NOME DA CIDADE: ITACOATIARA
QUANTIDADE DE VEICULOS: 22

MARCA DO VEICULO: NAO PREENCHIDO
MODELO DO VEICULO: PALIO ELX FLEX
ANO DE FABRICACAO: 2009
NOME DA CIDADE: NAO PREENCHIDO
QUANTIDADE DE VEICULOS: 75

MARCA DO VEICULO: NAO PREENCHIDO
MODELO DO VEICULO: CG 125 TITAN
ANO DE FABRICACAO: 1995
NOME DA CIDADE: BOA ESPERANCA
QUANTIDADE DE VEICULOS: 27

MARCA DO VEICULO: FIAT
MODELO DO VEICULO: NAO PREENCHIDO
ANO DE FABRICACAO: 2003
NOME DA CIDADE: JAGUAQUARA
QUANTIDADE DE VEICULOS: 10

MARCA DO VEICULO: NAO PREENCHIDO
MODELO DO VEICULO: CG 150 FAN ESI
ANO DE FABRICACAO: 2012
NOME DA CIDADE: NAO PREENCHIDO
QUANTIDADE DE VEICULOS: 14

MARCA DO VEICULO: NAO PREENCHIDO
MODELO DO VEICULO: ECOSPORT SE 1.6
ANO DE FABRICACAO: 2012
NOME DA CIDADE: NAO PREENCHIDO
QUANTIDADE DE VEICULOS: 32

MARCA DO VEICULO: TOYOTA
MODELO DO VEICULO: NAO PREENCHIDO
ANO DE FABRICACAO: 2015
NOME DA CIDADE: IMPERATRIZ
QUANTIDADE DE VEICULOS: 52

MARCA DO VEICULO: FIAT
MODELO DO VEICULO: NAO PREENCHIDO
ANO DE FABRICACAO: 2000
NOME DA CIDADE: RECIFE
QUANTIDADE DE VEICULOS: 17

MARCA DO VEICULO: HONDA
MODELO DO VEICULO: NAO PREENCHIDO
ANO DE FABRICACAO: 2005
NOME DA CIDADE: NAO PREENCHIDO
QUANTIDADE DE VEICULOS: 75

MARCA DO VEICULO: NAO PREENCHIDO
MODELO DO VEICULO: NAO PREENCHIDO
ANO DE FABRICACAO: NAO PREENCHIDO
NOME DA CIDADE: SAO LUIS DE MONTES BELOS
QUANTIDADE DE VEICULOS: 11

MARCA DO VEICULO: VW
MODELO DO VEICULO: FUSCA 1300
ANO DE FABRICACAO: 1974
NOME DA CIDADE: MACEIO
QUANTIDADE DE VEICULOS: 74

MARCA DO VEICULO: NAO PREENCHIDO
MODELO DO VEICULO: KA FLEX
ANO DE FABRICACAO: 2010
NOME DA CIDADE: NAO PREENCHIDO
QUANTIDADE DE VEICULOS: 25

MARCA DO VEICULO: HONDA
MODELO DO VEICULO: CIVIC LXS
ANO DE FABRICACAO: NAO PREENCHIDO
NOME DA CIDADE: NAO PREENCHIDO
QUANTIDADE DE VEICULOS: 14

MARCA DO VEICULO: NISSAN
MODELO DO VEICULO: NAO PREENCHIDO
ANO DE FABRICACAO: NAO PREENCHIDO
NOME DA CIDADE: NATAL
QUANTIDADE DE VEICULOS: 20

MARCA DO VEICULO: FIAT
MODELO DO VEICULO: NAO PREENCHIDO
ANO DE FABRICACAO: 2003
NOME DA CIDADE: BANDEIRANTES
QUANTIDADE DE VEICULOS: 12

MARCA DO VEICULO: NAO PREENCHIDO
MODELO DO VEICULO: UNO 1.6 R
ANO DE FABRICACAO: 1990
NOME DA CIDADE: NAO PREENCHIDO
QUANTIDADE DE VEICULOS: 37

MARCA DO VEICULO: HONDA
MODELO DO VEICULO: CG 125 FAN KS
ANO DE FABRICACAO: 2014
NOME DA CIDADE: NAO PREENCHIDO
QUANTIDADE DE VEICULOS: 10

MARCA DO VEICULO: HONDA
MODELO DO VEICULO: NAO PREENCHIDO
ANO DE FABRICACAO: 2008
NOME DA CIDADE: NAO PREENCHIDO
QUANTIDADE DE VEICULOS: 73

MARCA DO VEICULO: VW
MODELO DO VEICULO: NAO PREENCHIDO
ANO DE FABRICACAO: 1994
NOME DA CIDADE: NAO PREENCHIDO
QUANTIDADE DE VEICULOS: 20

MARCA DO VEICULO: NAO PREENCHIDO
MODELO DO VEICULO: COMPASS SPORT F
ANO DE FABRICACAO: 2018
NOME DA CIDADE: JUIZ DE FORA
QUANTIDADE DE VEICULOS: 20

MARCA DO VEICULO: NAO PREENCHIDO
MODELO DO VEICULO: CG 160 TITAN S
ANO DE FABRICACAO: 2020
NOME DA CIDADE: IBIRITE
QUANTIDADE DE VEICULOS: 14

MARCA DO VEICULO: NAO PREENCHIDO
MODELO DO VEICULO: CB 300R
ANO DE FABRICACAO: 2009
NOME DA CIDADE: CRUZ DAS ALMAS
QUANTIDADE DE VEICULOS: 10

MARCA DO VEICULO: NAO PREENCHIDO
MODELO DO VEICULO: CELTA 2P LIFE
ANO DE FABRICACAO: 2010
NOME DA CIDADE: UBA
QUANTIDADE DE VEICULOS: 26

MARCA DO VEICULO: YAMAHA
MODELO DO VEICULO: YS150 FAZER SED
ANO DE FABRICACAO: 2019
NOME DA CIDADE: NAO PREENCHIDO
QUANTIDADE DE VEICULOS: 27

MARCA DO VEICULO: GM
MODELO DO VEICULO: S10 2.2 S
ANO DE FABRICACAO: 1998
NOME DA CIDADE: MARINGA
QUANTIDADE DE VEICULOS: 28

MARCA DO VEICULO: NAO PREENCHIDO
MODELO DO VEICULO: NXR150 BROS ES
ANO DE FABRICACAO: 2012
NOME DA CIDADE: NAO PREENCHIDO
QUANTIDADE DE VEICULOS: 31

MARCA DO VEICULO: VW
MODELO DO VEICULO: NAO PREENCHIDO
ANO DE FABRICACAO: 2012
NOME DA CIDADE: NAO PREENCHIDO
QUANTIDADE DE VEICULOS: 72

MARCA DO VEICULO: NAO PREENCHIDO
MODELO DO VEICULO: BIZ 125 ES
ANO DE FABRICACAO: NAO PREENCHIDO
NOME DA CIDADE: RONDON
QUANTIDADE DE VEICULOS: 18

MARCA DO VEICULO: NAO PREENCHIDO
MODELO DO VEICULO: OPALA
ANO DE FABRICACAO: NAO PREENCHIDO
NOME DA CIDADE: ANAPOLIS
QUANTIDADE DE VEICULOS: 44

MARCA DO VEICULO: NAO PREENCHIDO
MODELO DO VEICULO: NAO PREENCHIDO
ANO DE FABRICACAO: 2007
NOME DA CIDADE: THEOBROMA
QUANTIDADE DE VEICULOS: 12

MARCA DO VEICULO: VW
MODELO DO VEICULO: NOVO GOL 1 CITY
ANO DE FABRICACAO: 2014
NOME DA CIDADE: FAZENDA RIO GRANDE
QUANTIDADE DE VEICULOS: 13

MARCA DO VEICULO: TOYOTA
MODELO DO VEICULO: COROLLA XEI20FLEX
ANO DE FABRICACAO: NAO PREENCHIDO
NOME DA CIDADE: SAPEZAL
QUANTIDADE DE VEICULOS: 10

MARCA DO VEICULO: NAO PREENCHIDO
MODELO DO VEICULO: 147 L
ANO DE FABRICACAO: 1979
NOME DA CIDADE: PARACATU
QUANTIDADE DE VEICULOS: 28

MARCA DO VEICULO: NAO PREENCHIDO
MODELO DO VEICULO: NAO PREENCHIDO
ANO DE FABRICACAO: 1997
NOME DA CIDADE: CAIANA
QUANTIDADE DE VEICULOS: 12

MARCA DO VEICULO: NAO PREENCHIDO
MODELO DO VEICULO: NAO PREENCHIDO
ANO DE FABRICACAO: NAO PREENCHIDO
NOME DA CIDADE: RIO DE JANEIRO
QUANTIDADE DE VEICULOS: 70

MARCA DO VEICULO: FORD
MODELO DO VEICULO: NAO PREENCHIDO
ANO DE FABRICACAO: NAO PREENCHIDO
NOME DA CIDADE: IMPERATRIZ
QUANTIDADE DE VEICULOS: 18

MARCA DO VEICULO: TOYOTA
MODELO DO VEICULO: NAO PREENCHIDO
ANO DE FABRICACAO: 2022
NOME DA CIDADE: NAO PREENCHIDO
QUANTIDADE DE VEICULOS: 10

MARCA DO VEICULO: NAO PREENCHIDO
MODELO DO VEICULO: GOLF
ANO DE FABRICACAO: 2000
NOME DA CIDADE: NAO PREENCHIDO
QUANTIDADE DE VEICULOS: 12

MARCA DO VEICULO: HONDA
MODELO DO VEICULO: NAO PREENCHIDO
ANO DE FABRICACAO: 2010
NOME DA CIDADE: BRASNORTE
QUANTIDADE DE VEICULOS: 14

MARCA DO VEICULO: NAO PREENCHIDO
MODELO DO VEICULO: SOFT
ANO DE FABRICACAO: 2011
NOME DA CIDADE: NAO PREENCHIDO
QUANTIDADE DE VEICULOS: 28

MARCA DO VEICULO: CHEVROLET
MODELO DO VEICULO: ONIX 1.4MT LTZ
ANO DE FABRICACAO: 2016
NOME DA CIDADE: PARAUAPEBAS
QUANTIDADE DE VEICULOS: 21

MARCA DO VEICULO: CHEVROLET
MODELO DO VEICULO: ONIX 1MT LT
ANO DE FABRICACAO: 2019
NOME DA CIDADE: NAO PREENCHIDO
QUANTIDADE DE VEICULOS: 15

MARCA DO VEICULO: HONDA
MODELO DO VEICULO: LEAD 110
ANO DE FABRICACAO: NAO PREENCHIDO
NOME DA CIDADE: NAO PREENCHIDO
QUANTIDADE DE VEICULOS: 69

MARCA DO VEICULO: HONDA
MODELO DO VEICULO: CG 150 TITAN ESD
ANO DE FABRICACAO: 2006
NOME DA CIDADE: EDEIA
QUANTIDADE DE VEICULOS: 10

MARCA DO VEICULO: HONDA
MODELO DO VEICULO: CG 125 TITAN KS
ANO DE FABRICACAO: NAO PREENCHIDO
NOME DA CIDADE: NOVA XAVANTINA
QUANTIDADE DE VEICULOS: 48

MARCA DO VEICULO: HONDA
MODELO DO VEICULO: NXR160 BROS ESDD
ANO DE FABRICACAO: 2015
NOME DA CIDADE: CASTANHEIRA
QUANTIDADE DE VEICULOS: 39

MARCA DO VEICULO: SHINERAY
MODELO DO VEICULO: 50Q
ANO DE FABRICACAO: 2019
NOME DA CIDADE: CAMPO MOURAO
QUANTIDADE DE VEICULOS: 68

MARCA DO VEICULO: FIAT
MODELO DO VEICULO: 147 L
ANO DE FABRICACAO: 1981
NOME DA CIDADE: TERESOPOLIS
QUANTIDADE DE VEICULOS: 11

MARCA DO VEICULO: HYUNDAI
MODELO DO VEICULO: HB20S 1.6A PREM
ANO DE FABRICACAO: 2013
NOME DA CIDADE: NAO PREENCHIDO
QUANTIDADE DE VEICULOS: 68

MARCA DO VEICULO: NAO PREENCHIDO
MODELO DO VEICULO: CG 150 TITAN KS
ANO DE FABRICACAO: 2005
NOME DA CIDADE: CRISTAIS
QUANTIDADE DE VEICULOS: 15

MARCA DO VEICULO: FIAT
MODELO DO VEICULO: NAO PREENCHIDO
ANO DE FABRICACAO: NAO PREENCHIDO
NOME DA CIDADE: NAO PREENCHIDO
QUANTIDADE DE VEICULOS: 21

MARCA DO VEICULO: VW
MODELO DO VEICULO: NAO PREENCHIDO
ANO DE FABRICACAO: NAO PREENCHIDO
NOME DA CIDADE: NAO PREENCHIDO
QUANTIDADE DE VEICULOS: 28

MARCA DO VEICULO: FIAT
MODELO DO VEICULO: UNO MILLE FIRE
ANO DE FABRICACAO: 2004
NOME DA CIDADE: NAO PREENCHIDO
QUANTIDADE DE VEICULOS: 13

MARCA DO VEICULO: NAO PREENCHIDO
MODELO DO VEICULO: NAO PREENCHIDO
ANO DE FABRICACAO: 1997
NOME DA CIDADE: NAO PREENCHIDO
QUANTIDADE DE VEICULOS: 15

MARCA DO VEICULO: HONDA
MODELO DO VEICULO: NXR160 BROS ESDD
ANO DE FABRICACAO: 2015
NOME DA CIDADE: NAO PREENCHIDO
QUANTIDADE DE VEICULOS: 19

MARCA DO VEICULO: NAO PREENCHIDO
MODELO DO VEICULO: TURISCAR
ANO DE FABRICACAO: 1997
NOME DA CIDADE: BRASILIA
QUANTIDADE DE VEICULOS: 11

MARCA DO VEICULO: NAO PREENCHIDO
MODELO DO VEICULO: RENEGADE LIMITED AT
ANO DE FABRICACAO: NAO PREENCHIDO
NOME DA CIDADE: VILA VELHA
QUANTIDADE DE VEICULOS: 14

MARCA DO VEICULO: NAO PREENCHIDO
MODELO DO VEICULO: ONIX 1MT LT
ANO DE FABRICACAO: 2018
NOME DA CIDADE: MANHUACU
QUANTIDADE DE VEICULOS: 10

MARCA DO VEICULO: NAO PREENCHIDO
MODELO DO VEICULO: NAO PREENCHIDO
ANO DE FABRICACAO: 2014
NOME DA CIDADE: JUIZ DE FORA
QUANTIDADE DE VEICULOS: 11

MARCA DO VEICULO: SUNDOWN
MODELO DO VEICULO: FUTURE 125
ANO DE FABRICACAO: 2005
NOME DA CIDADE: MARINGA
QUANTIDADE DE VEICULOS: 17

MARCA DO VEICULO: FIAT
MODELO DO VEICULO: UNO MILLE SX
ANO DE FABRICACAO: 1997
NOME DA CIDADE: NAO PREENCHIDO
QUANTIDADE DE VEICULOS: 44

MARCA DO VEICULO: NAO PREENCHIDO
MODELO DO VEICULO: BIZ 125 KS
ANO DE FABRICACAO: 2006
NOME DA CIDADE: NAO PREENCHIDO
QUANTIDADE DE VEICULOS: 11

MARCA DO VEICULO: HONDA
MODELO DO VEICULO: XR 250 TORNADO
ANO DE FABRICACAO: 2006
NOME DA CIDADE: NAO PREENCHIDO
QUANTIDADE DE VEICULOS: 19

MARCA DO VEICULO: NAO PREENCHIDO
MODELO DO VEICULO: HB20 1M UNIQUE
ANO DE FABRICACAO: NAO PREENCHIDO
NOME DA CIDADE: CARUARU
QUANTIDADE DE VEICULOS: 66

MARCA DO VEICULO: HONDA
MODELO DO VEICULO: CG 125 TITAN ES
ANO DE FABRICACAO: 2000
NOME DA CIDADE: POMBOS
QUANTIDADE DE VEICULOS: 16

MARCA DO VEICULO: HONDA
MODELO DO VEICULO: POP100
ANO DE FABRICACAO: NAO PREENCHIDO
NOME DA CIDADE: NAO PREENCHIDO
QUANTIDADE DE VEICULOS: 16

MARCA DO VEICULO: FIAT
MODELO DO VEICULO: PALIO ELX
ANO DE FABRICACAO: 2002
NOME DA CIDADE: NAO PREENCHIDO
QUANTIDADE DE VEICULOS: 13

MARCA DO VEICULO: HONDA
MODELO DO VEICULO: NAO PREENCHIDO
ANO DE FABRICACAO: NAO PREENCHIDO
NOME DA CIDADE: MEDEIROS NETO
QUANTIDADE DE VEICULOS: 18

MARCA DO VEICULO: FIAT
MODELO DO VEICULO: NAO PREENCHIDO
ANO DE FABRICACAO: NAO PREENCHIDO
NOME DA CIDADE: CACOAL
QUANTIDADE DE VEICULOS: 65

MARCA DO VEICULO: NAO PREENCHIDO
MODELO DO VEICULO: GOL 16V PLUS
ANO DE FABRICACAO: 2001
NOME DA CIDADE: CARUARU
QUANTIDADE DE VEICULOS: 65

MARCA DO VEICULO: HONDA
MODELO DO VEICULO: NAO PREENCHIDO
ANO DE FABRICACAO: 2014
NOME DA CIDADE: NAO PREENCHIDO
QUANTIDADE DE VEICULOS: 16

MARCA DO VEICULO: NAO PREENCHIDO
MODELO DO VEICULO: NAO PREENCHIDO
ANO DE FABRICACAO: 2021
NOME DA CIDADE: NAO PREENCHIDO
QUANTIDADE DE VEICULOS: 16

MARCA DO VEICULO: NAO PREENCHIDO
MODELO DO VEICULO: NAO PREENCHIDO
ANO DE FABRICACAO: 2012
NOME DA CIDADE: OROCO
QUANTIDADE DE VEICULOS: 29

MARCA DO VEICULO: NAO PREENCHIDO
MODELO DO VEICULO: CORSA WIND
ANO DE FABRICACAO: 1998
NOME DA CIDADE: UNAI
QUANTIDADE DE VEICULOS: 39

MARCA DO VEICULO: HONDA
MODELO DO VEICULO: CG 125 TITAN
ANO DE FABRICACAO: 1998
NOME DA CIDADE: DIVINOLANDIA DE MINAS
QUANTIDADE DE VEICULOS: 13

MARCA DO VEICULO: YAMAHA
MODELO DO VEICULO: T115 CRYPTON ED
ANO DE FABRICACAO: 2013
NOME DA CIDADE: NAO PREENCHIDO
QUANTIDADE DE VEICULOS: 12

MARCA DO VEICULO: NAO PREENCHIDO
MODELO DO VEICULO: NAO PREENCHIDO
ANO DE FABRICACAO: 2015
NOME DA CIDADE: NAO PREENCHIDO
QUANTIDADE DE VEICULOS: 17

MARCA DO VEICULO: NAO PREENCHIDO
MODELO DO VEICULO: VM 330 8X2R
ANO DE FABRICACAO: 2020
NOME DA CIDADE: FORTALEZA
QUANTIDADE DE VEICULOS: 15

MARCA DO VEICULO: VW
MODELO DO VEICULO: NAO PREENCHIDO
ANO DE FABRICACAO: 2010
NOME DA CIDADE: NAO PREENCHIDO
QUANTIDADE DE VEICULOS: 36

MARCA DO VEICULO: FIAT
MODELO DO VEICULO: NAO PREENCHIDO
ANO DE FABRICACAO: 2001
NOME DA CIDADE: VILA VELHA
QUANTIDADE DE VEICULOS: 64

MARCA DO VEICULO: NAO PREENCHIDO
MODELO DO VEICULO: NAO PREENCHIDO
ANO DE FABRICACAO: NAO PREENCHIDO
NOME DA CIDADE: MANAUS
QUANTIDADE DE VEICULOS: 34

MARCA DO VEICULO: FORD
MODELO DO VEICULO: ESCORT 1 HOBBY
ANO DE FABRICACAO: 1994
NOME DA CIDADE: NAO PREENCHIDO
QUANTIDADE DE VEICULOS: 21

MARCA DO VEICULO: NAO PREENCHIDO
MODELO DO VEICULO: FIT TWIST
ANO DE FABRICACAO: 2013
NOME DA CIDADE: SAO LUIS
QUANTIDADE DE VEICULOS: 14

MARCA DO VEICULO: NAO PREENCHIDO
MODELO DO VEICULO: VOYAGE EVIDENCE MB
ANO DE FABRICACAO: 2014
NOME DA CIDADE: FEIRA DE SANTANA
QUANTIDADE DE VEICULOS: 11

MARCA DO VEICULO: VW
MODELO DO VEICULO: FOX 1.6 GII
ANO DE FABRICACAO: 2013
NOME DA CIDADE: MANAUS
QUANTIDADE DE VEICULOS: 63

MARCA DO VEICULO: NAO PREENCHIDO
MODELO DO VEICULO: CG150 FAN ESDI
ANO DE FABRICACAO: 2015
NOME DA CIDADE: VERA CRUZ
QUANTIDADE DE VEICULOS: 18

MARCA DO VEICULO: JTA
MODELO DO VEICULO: NAO PREENCHIDO
ANO DE FABRICACAO: 2008
NOME DA CIDADE: NAO PREENCHIDO
QUANTIDADE DE VEICULOS: 63

MARCA DO VEICULO: HONDA
MODELO DO VEICULO: NAO PREENCHIDO
ANO DE FABRICACAO: 2014
NOME DA CIDADE: JUAZEIRO DO NORTE
QUANTIDADE DE VEICULOS: 19

MARCA DO VEICULO: CHEV
MODELO DO VEICULO: NAO PREENCHIDO
ANO DE FABRICACAO: 2013
NOME DA CIDADE: MAGE
QUANTIDADE DE VEICULOS: 12

MARCA DO VEICULO: NAO PREENCHIDO
MODELO DO VEICULO: NAO PREENCHIDO
ANO DE FABRICACAO: 2015
NOME DA CIDADE: NAO PREENCHIDO
QUANTIDADE DE VEICULOS: 12

MARCA DO VEICULO: HONDA
MODELO DO VEICULO: CG 150 FAN ESI
ANO DE FABRICACAO: 2012
NOME DA CIDADE: SAQUAREMA
QUANTIDADE DE VEICULOS: 48

MARCA DO VEICULO: HONDA
MODELO DO VEICULO: CG 150 FAN ESI
ANO DE FABRICACAO: 2009
NOME DA CIDADE: BARBACENA
QUANTIDADE DE VEICULOS: 25

MARCA DO VEICULO: HONDA
MODELO DO VEICULO: CG 125 FAN ES
ANO DE FABRICACAO: NAO PREENCHIDO
NOME DA CIDADE: SAO JOSE DA LAPA
QUANTIDADE DE VEICULOS: 26

MARCA DO VEICULO: NAO PREENCHIDO
MODELO DO VEICULO: NAO PREENCHIDO
ANO DE FABRICACAO: 2021
NOME DA CIDADE: CAMPO GRANDE
QUANTIDADE DE VEICULOS: 34

MARCA DO VEICULO: HONDA
MODELO DO VEICULO: NXR160 BROS ESDD
ANO DE FABRICACAO: 2021
NOME DA CIDADE: MARCELANDIA
QUANTIDADE DE VEICULOS: 17

MARCA DO VEICULO: SCANIA
MODELO DO VEICULO: T113 H 4X2 360
ANO DE FABRICACAO: NAO PREENCHIDO
NOME DA CIDADE: NAO PREENCHIDO
QUANTIDADE DE VEICULOS: 10

MARCA DO VEICULO: NAO PREENCHIDO
MODELO DO VEICULO: CBX 250 TWISTER
ANO DE FABRICACAO: 2004
NOME DA CIDADE: VICOSA
QUANTIDADE DE VEICULOS: 15

MARCA DO VEICULO: NAO PREENCHIDO
MODELO DO VEICULO: NAO PREENCHIDO
ANO DE FABRICACAO: 1995
NOME DA CIDADE: ERVALIA
QUANTIDADE DE VEICULOS: 17

MARCA DO VEICULO: FIAT
MODELO DO VEICULO: ARGO DRIVE 1.3 GSR
ANO DE FABRICACAO: 2019
NOME DA CIDADE: NAO PREENCHIDO
QUANTIDADE DE VEICULOS: 13

MARCA DO VEICULO: CITROEN
MODELO DO VEICULO: NAO PREENCHIDO
ANO DE FABRICACAO: 2016
NOME DA CIDADE: NAO PREENCHIDO
QUANTIDADE DE VEICULOS: 62

MARCA DO VEICULO: YAMAHA
MODELO DO VEICULO: XVS950A MIDN.STAR
ANO DE FABRICACAO: NAO PREENCHIDO
NOME DA CIDADE: NAO PREENCHIDO
QUANTIDADE DE VEICULOS: 27

MARCA DO VEICULO: NAO PREENCHIDO
MODELO DO VEICULO: NAO PREENCHIDO
ANO DE FABRICACAO: NAO PREENCHIDO
NOME DA CIDADE: NAO PREENCHIDO
QUANTIDADE DE VEICULOS: 21

MARCA DO VEICULO: NAO PREENCHIDO
MODELO DO VEICULO: CB 300R
ANO DE FABRICACAO: NAO PREENCHIDO
NOME DA CIDADE: NAO PREENCHIDO
QUANTIDADE DE VEICULOS: 13

MARCA DO VEICULO: NAO PREENCHIDO
MODELO DO VEICULO: CG 150 TITAN EX
ANO DE FABRICACAO: 2014
NOME DA CIDADE: PAUDALHO
QUANTIDADE DE VEICULOS: 61

MARCA DO VEICULO: NAO PREENCHIDO
MODELO DO VEICULO: ONIX 1.4AT LTZ
ANO DE FABRICACAO: NAO PREENCHIDO
NOME DA CIDADE: OLINDA
QUANTIDADE DE VEICULOS: 21

MARCA DO VEICULO: NAO PREENCHIDO
MODELO DO VEICULO: CG 150 FAN ESI
ANO DE FABRICACAO: 2010
NOME DA CIDADE: BONITO
QUANTIDADE DE VEICULOS: 61

MARCA DO VEICULO: GM
MODELO DO VEICULO: CELTA 5 PORTAS SUPER
ANO DE FABRICACAO: NAO PREENCHIDO
NOME DA CIDADE: BELEM
QUANTIDADE DE VEICULOS: 43

MARCA DO VEICULO: NAO PREENCHIDO
MODELO DO VEICULO: MARCH ACTIVE 10
ANO DE FABRICACAO: NAO PREENCHIDO
NOME DA CIDADE: NAO PREENCHIDO
QUANTIDADE DE VEICULOS: 61

MARCA DO VEICULO: VW
MODELO DO VEICULO: SAVEIRO 1.6 CE CROSS
ANO DE FABRICACAO: 2012
NOME DA CIDADE: NAO PREENCHIDO
QUANTIDADE DE VEICULOS: 12

MARCA DO VEICULO: SCANIA
MODELO DO VEICULO: NAO PREENCHIDO
ANO DE FABRICACAO: 1988
NOME DA CIDADE: CASCAVEL
QUANTIDADE DE VEICULOS: 14

MARCA DO VEICULO: NAO PREENCHIDO
MODELO DO VEICULO: CHEVROLET D10
ANO DE FABRICACAO: 1984
NOME DA CIDADE: SETE LAGOAS
QUANTIDADE DE VEICULOS: 15

MARCA DO VEICULO: NAO PREENCHIDO
MODELO DO VEICULO: NXR160 BROS ESDD
ANO DE FABRICACAO: 2017
NOME DA CIDADE: BARRA
QUANTIDADE DE VEICULOS: 18

MARCA DO VEICULO: VW
MODELO DO VEICULO: NAO PREENCHIDO
ANO DE FABRICACAO: NAO PREENCHIDO
NOME DA CIDADE: BELO HORIZONTE
QUANTIDADE DE VEICULOS: 60

MARCA DO VEICULO: NAO PREENCHIDO
MODELO DO VEICULO: NAO PREENCHIDO
ANO DE FABRICACAO: 2005
NOME DA CIDADE: RIO VERDE
QUANTIDADE DE VEICULOS: 42

MARCA DO VEICULO: NAO PREENCHIDO
MODELO DO VEICULO: CG 125 TITAN KSE
ANO DE FABRICACAO: 2002
NOME DA CIDADE: SANTA HELENA DE GOIAS
QUANTIDADE DE VEICULOS: 22

MARCA DO VEICULO: NAO PREENCHIDO
MODELO DO VEICULO: NAO PREENCHIDO
ANO DE FABRICACAO: NAO PREENCHIDO
NOME DA CIDADE: PORTO VELHO
QUANTIDADE DE VEICULOS: 60

MARCA DO VEICULO: GM
MODELO DO VEICULO: OMEGA GL
ANO DE FABRICACAO: 1994
NOME DA CIDADE: FORTALEZA
QUANTIDADE DE VEICULOS: 16

MARCA DO VEICULO: HONDA
MODELO DO VEICULO: NAO PREENCHIDO
ANO DE FABRICACAO: NAO PREENCHIDO
NOME DA CIDADE: NAO PREENCHIDO
QUANTIDADE DE VEICULOS: 60

MARCA DO VEICULO: FORD
MODELO DO VEICULO: CARGO 4030
ANO DE FABRICACAO: NAO PREENCHIDO
NOME DA CIDADE: SALVADOR
QUANTIDADE DE VEICULOS: 16

MARCA DO VEICULO: FIAT
MODELO DO VEICULO: UNO MILLE SX
ANO DE FABRICACAO: 1997
NOME DA CIDADE: NAO PREENCHIDO
QUANTIDADE DE VEICULOS: 11

MARCA DO VEICULO: HONDA
MODELO DO VEICULO: CG 125 FAN KS
ANO DE FABRICACAO: 2013
NOME DA CIDADE: NAO PREENCHIDO
QUANTIDADE DE VEICULOS: 16

MARCA DO VEICULO: VW
MODELO DO VEICULO: NAO PREENCHIDO
ANO DE FABRICACAO: NAO PREENCHIDO
NOME DA CIDADE: CUIABA
QUANTIDADE DE VEICULOS: 60

MARCA DO VEICULO: NAO PREENCHIDO
MODELO DO VEICULO: NAO PREENCHIDO
ANO DE FABRICACAO: NAO PREENCHIDO
NOME DA CIDADE: NAO PREENCHIDO
QUANTIDADE DE VEICULOS: 59

MARCA DO VEICULO: NAO PREENCHIDO
MODELO DO VEICULO: CG 125 FAN KS
ANO DE FABRICACAO: 2010
NOME DA CIDADE: PEDRO DO ROSARIO
QUANTIDADE DE VEICULOS: 20

MARCA DO VEICULO: NAO PREENCHIDO
MODELO DO VEICULO: NAO PREENCHIDO
ANO DE FABRICACAO: 2004
NOME DA CIDADE: JUIZ DE FORA
QUANTIDADE DE VEICULOS: 59

MARCA DO VEICULO: NAO PREENCHIDO
MODELO DO VEICULO: NAO PREENCHIDO
ANO DE FABRICACAO: 2013
NOME DA CIDADE: LINHARES
QUANTIDADE DE VEICULOS: 59

MARCA DO VEICULO: HONDA
MODELO DO VEICULO: XLR 125 ES
ANO DE FABRICACAO: 2001
NOME DA CIDADE: NAO PREENCHIDO
QUANTIDADE DE VEICULOS: 23

MARCA DO VEICULO: NAO PREENCHIDO
MODELO DO VEICULO: NAO PREENCHIDO
ANO DE FABRICACAO: 2019
NOME DA CIDADE: BENEVIDES
QUANTIDADE DE VEICULOS: 14

MARCA DO VEICULO: NAO PREENCHIDO
MODELO DO VEICULO: NAO PREENCHIDO
ANO DE FABRICACAO: 1996
NOME DA CIDADE: NAO PREENCHIDO
QUANTIDADE DE VEICULOS: 11

MARCA DO VEICULO: NAO PREENCHIDO
MODELO DO VEICULO: FIORINO FLEX
ANO DE FABRICACAO: NAO PREENCHIDO
NOME DA CIDADE: UBERLANDIA
QUANTIDADE DE VEICULOS: 58

MARCA DO VEICULO: HONDA
MODELO DO VEICULO: NAO PREENCHIDO
ANO DE FABRICACAO: 2002
NOME DA CIDADE: CORNELIO PROCOPIO
QUANTIDADE DE VEICULOS: 13

MARCA DO VEICULO: FIAT
MODELO DO VEICULO: STRADA FIRE FLEX
ANO DE FABRICACAO: 2012
NOME DA CIDADE: GUANAMBI
QUANTIDADE DE VEICULOS: 18

MARCA DO VEICULO: GM
MODELO DO VEICULO: OPALA DIPLOMATA
ANO DE FABRICACAO: 1981
NOME DA CIDADE: FORTALEZA
QUANTIDADE DE VEICULOS: 22

MARCA DO VEICULO: HONDA
MODELO DO VEICULO: NXR150 BROS ES
ANO DE FABRICACAO: NAO PREENCHIDO
NOME DA CIDADE: TIMBAUBA
QUANTIDADE DE VEICULOS: 58

MARCA DO VEICULO: RENAULT
MODELO DO VEICULO: CAPTUR 16 BOSE
ANO DE FABRICACAO: 2020
NOME DA CIDADE: NAO PREENCHIDO
QUANTIDADE DE VEICULOS: 21

MARCA DO VEICULO: NAO PREENCHIDO
MODELO DO VEICULO: NAO PREENCHIDO
ANO DE FABRICACAO: 2020
NOME DA CIDADE: SAO JOSE DO EGITO
QUANTIDADE DE VEICULOS: 24

MARCA DO VEICULO: NAO PREENCHIDO
MODELO DO VEICULO: NAO PREENCHIDO
ANO DE FABRICACAO: 2018
NOME DA CIDADE: SERRA
QUANTIDADE DE VEICULOS: 22

MARCA DO VEICULO: NAO PREENCHIDO
MODELO DO VEICULO: SUZUKI EN125 YES
ANO DE FABRICACAO: 2008
NOME DA CIDADE: NAO PREENCHIDO
QUANTIDADE DE VEICULOS: 12

MARCA DO VEICULO: VW
MODELO DO VEICULO: NAO PREENCHIDO
ANO DE FABRICACAO: 1998
NOME DA CIDADE: NAO PREENCHIDO
QUANTIDADE DE VEICULOS: 11

MARCA DO VEICULO: HONDA
MODELO DO VEICULO: CG 150 TITAN ES
ANO DE FABRICACAO: 2009
NOME DA CIDADE: ICAPUI
QUANTIDADE DE VEICULOS: 12

MARCA DO VEICULO: NAO PREENCHIDO
MODELO DO VEICULO: NXR150 BROS MIX ES
ANO DE FABRICACAO: 2010
NOME DA CIDADE: NAO PREENCHIDO
QUANTIDADE DE VEICULOS: 15

MARCA DO VEICULO: NAO PREENCHIDO
MODELO DO VEICULO: YBR 125K
ANO DE FABRICACAO: 2001
NOME DA CIDADE: IGUATU
QUANTIDADE DE VEICULOS: 57

MARCA DO VEICULO: NAO PREENCHIDO
MODELO DO VEICULO: GUERRA AG GR
ANO DE FABRICACAO: 2008
NOME DA CIDADE: NAO PREENCHIDO
QUANTIDADE DE VEICULOS: 30

MARCA DO VEICULO: HONDA
MODELO DO VEICULO: CITY EXL CVT
ANO DE FABRICACAO: 2015
NOME DA CIDADE: CAMPOS DOS GOYTACAZES
QUANTIDADE DE VEICULOS: 12

MARCA DO VEICULO: NAO PREENCHIDO
MODELO DO VEICULO: CG 125 TITAN
ANO DE FABRICACAO: 1997
NOME DA CIDADE: ANTONIO OLINTO
QUANTIDADE DE VEICULOS: 10

MARCA DO VEICULO: HONDA
MODELO DO VEICULO: NAO PREENCHIDO
ANO DE FABRICACAO: 2015
NOME DA CIDADE: ITAUNA
QUANTIDADE DE VEICULOS: 11

MARCA DO VEICULO: HONDA
MODELO DO VEICULO: NAO PREENCHIDO
ANO DE FABRICACAO: 2012
NOME DA CIDADE: SAO GONCALO DO PARA
QUANTIDADE DE VEICULOS: 32

MARCA DO VEICULO: CHEVROLET
MODELO DO VEICULO: S10 HC DD4A
ANO DE FABRICACAO: 2018
NOME DA CIDADE: NAO PREENCHIDO
QUANTIDADE DE VEICULOS: 57

MARCA DO VEICULO: VOLVO
MODELO DO VEICULO: NAO PREENCHIDO
ANO DE FABRICACAO: 2014
NOME DA CIDADE: DIVINOPOLIS
QUANTIDADE DE VEICULOS: 14

MARCA DO VEICULO: NAO PREENCHIDO
MODELO DO VEICULO: NAO PREENCHIDO
ANO DE FABRICACAO: NAO PREENCHIDO
NOME DA CIDADE: JUAZEIRO DO NORTE
QUANTIDADE DE VEICULOS: 26

MARCA DO VEICULO: FORD
MODELO DO VEICULO: CORCEL II
ANO DE FABRICACAO: 1981
NOME DA CIDADE: RIO BRANCO
QUANTIDADE DE VEICULOS: 13

MARCA DO VEICULO: VW
MODELO DO VEICULO: GOL 16V POWER
ANO DE FABRICACAO: 2002
NOME DA CIDADE: CORNELIO PROCOPIO
QUANTIDADE DE VEICULOS: 19

MARCA DO VEICULO: FORD
MODELO DO VEICULO: DEL REY BELINA GHIA
ANO DE FABRICACAO: 1988
NOME DA CIDADE: NAO PREENCHIDO
QUANTIDADE DE VEICULOS: 11

MARCA DO VEICULO: YAMAHA
MODELO DO VEICULO: NAO PREENCHIDO
ANO DE FABRICACAO: NAO PREENCHIDO
NOME DA CIDADE: NAO PREENCHIDO
QUANTIDADE DE VEICULOS: 15

MARCA DO VEICULO: VW
MODELO DO VEICULO: VOYAGE 1.0
ANO DE FABRICACAO: 2010
NOME DA CIDADE: NAO PREENCHIDO
QUANTIDADE DE VEICULOS: 14

MARCA DO VEICULO: NAO PREENCHIDO
MODELO DO VEICULO: GOLF 1.6 SPORTLINE
ANO DE FABRICACAO: 2012
NOME DA CIDADE: NAO PREENCHIDO
QUANTIDADE DE VEICULOS: 19

MARCA DO VEICULO: YAMAHA
MODELO DO VEICULO: NAO PREENCHIDO
ANO DE FABRICACAO: 2011
NOME DA CIDADE: NAO PREENCHIDO
QUANTIDADE DE VEICULOS: 19

MARCA DO VEICULO: FIAT
MODELO DO VEICULO: 147 GLS
ANO DE FABRICACAO: 1980
NOME DA CIDADE: NAO PREENCHIDO
QUANTIDADE DE VEICULOS: 21

MARCA DO VEICULO: NAO PREENCHIDO
MODELO DO VEICULO: NXR150 BROS ESD
ANO DE FABRICACAO: 2013
NOME DA CIDADE: NAO PREENCHIDO
QUANTIDADE DE VEICULOS: 56

MARCA DO VEICULO: HONDA
MODELO DO VEICULO: NAO PREENCHIDO
ANO DE FABRICACAO: 2001
NOME DA CIDADE: NAO PREENCHIDO
QUANTIDADE DE VEICULOS: 11

MARCA DO VEICULO: NAO PREENCHIDO
MODELO DO VEICULO: NAO PREENCHIDO
ANO DE FABRICACAO: 2013
NOME DA CIDADE: JUAZEIRO
QUANTIDADE DE VEICULOS: 56

MARCA DO VEICULO: HONDA
MODELO DO VEICULO: NAO PREENCHIDO
ANO DE FABRICACAO: 2004
NOME DA CIDADE: SAO JOSE DOS PINHAIS
QUANTIDADE DE VEICULOS: 56

MARCA DO VEICULO: NAO PREENCHIDO
MODELO DO VEICULO: GOL 1.6
ANO DE FABRICACAO: 2011
NOME DA CIDADE: SAO JOSE DOS PINHAIS
QUANTIDADE DE VEICULOS: 56

MARCA DO VEICULO: MMC
MODELO DO VEICULO: NAO PREENCHIDO
ANO DE FABRICACAO: 2015
NOME DA CIDADE: URUARA
QUANTIDADE DE VEICULOS: 23

MARCA DO VEICULO: HONDA
MODELO DO VEICULO: NAO PREENCHIDO
ANO DE FABRICACAO: 2021
NOME DA CIDADE: SALGUEIRO
QUANTIDADE DE VEICULOS: 55

MARCA DO VEICULO: HONDA
MODELO DO VEICULO: NAO PREENCHIDO
ANO DE FABRICACAO: 2003
NOME DA CIDADE: SANTA MARIA DO PARA
QUANTIDADE DE VEICULOS: 17

MARCA DO VEICULO: HONDA
MODELO DO VEICULO: CG 150 TITAN ES
ANO DE FABRICACAO: 2004
NOME DA CIDADE: NAO PREENCHIDO
QUANTIDADE DE VEICULOS: 55

MARCA DO VEICULO: VW
MODELO DO VEICULO: NAO PREENCHIDO
ANO DE FABRICACAO: 1988
NOME DA CIDADE: ARARUAMA
QUANTIDADE DE VEICULOS: 55

MARCA DO VEICULO: NAO PREENCHIDO
MODELO DO VEICULO: NAO PREENCHIDO
ANO DE FABRICACAO: 2003
NOME DA CIDADE: NAO PREENCHIDO
QUANTIDADE DE VEICULOS: 55

MARCA DO VEICULO: NAO PREENCHIDO
MODELO DO VEICULO: CG 125 FAN KS
ANO DE FABRICACAO: 2009
NOME DA CIDADE: MONSENHOR TABOSA
QUANTIDADE DE VEICULOS: 51

MARCA DO VEICULO: SR
MODELO DO VEICULO: GUERRA AG GR
ANO DE FABRICACAO: 2005
NOME DA CIDADE: UNAI
QUANTIDADE DE VEICULOS: 22

MARCA DO VEICULO: VW
MODELO DO VEICULO: NAO PREENCHIDO
ANO DE FABRICACAO: 2007
NOME DA CIDADE: BRUMADO
QUANTIDADE DE VEICULOS: 24

MARCA DO VEICULO: HONDA
MODELO DO VEICULO: NAO PREENCHIDO
ANO DE FABRICACAO: 2009
NOME DA CIDADE: NAO PREENCHIDO
QUANTIDADE DE VEICULOS: 12

MARCA DO VEICULO: YAMAHA
MODELO DO VEICULO: FACTOR YBR125 E
ANO DE FABRICACAO: 2008
NOME DA CIDADE: EUNAPOLIS
QUANTIDADE DE VEICULOS: 22

MARCA DO VEICULO: VW
MODELO DO VEICULO: VOYAGE LS
ANO DE FABRICACAO: 1983
NOME DA CIDADE: TEOFILO OTONI
QUANTIDADE DE VEICULOS: 12

MARCA DO VEICULO: VW
MODELO DO VEICULO: NAO PREENCHIDO
ANO DE FABRICACAO: 2012
NOME DA CIDADE: NAO PREENCHIDO
QUANTIDADE DE VEICULOS: 11

MARCA DO VEICULO: GM
MODELO DO VEICULO: VECTRA SEDAN ELEGANCE
ANO DE FABRICACAO: 2008
NOME DA CIDADE: BETIM
QUANTIDADE DE VEICULOS: 19

MARCA DO VEICULO: TOYOTA
MODELO DO VEICULO: ETIOS SD X
ANO DE FABRICACAO: 2013
NOME DA CIDADE: RECIFE
QUANTIDADE DE VEICULOS: 54

MARCA DO VEICULO: NAO PREENCHIDO
MODELO DO VEICULO: NAO PREENCHIDO
ANO DE FABRICACAO: NAO PREENCHIDO
NOME DA CIDADE: QUIRINOPOLIS
QUANTIDADE DE VEICULOS: 13

MARCA DO VEICULO: GM
MODELO DO VEICULO: NAO PREENCHIDO
ANO DE FABRICACAO: NAO PREENCHIDO
NOME DA CIDADE: NAO PREENCHIDO
QUANTIDADE DE VEICULOS: 50

MARCA DO VEICULO: VW
MODELO DO VEICULO: GOLF
ANO DE FABRICACAO: 2002
NOME DA CIDADE: PARACATU
QUANTIDADE DE VEICULOS: 10

MARCA DO VEICULO: NAO PREENCHIDO
MODELO DO VEICULO: NAO PREENCHIDO
ANO DE FABRICACAO: 2010
NOME DA CIDADE: CACERES
QUANTIDADE DE VEICULOS: 54

MARCA DO VEICULO: VW
MODELO DO VEICULO: NAO PREENCHIDO
ANO DE FABRICACAO: 2013
NOME DA CIDADE: LAVRAS
QUANTIDADE DE VEICULOS: 26

MARCA DO VEICULO: NAO PREENCHIDO
MODELO DO VEICULO: UNO MILLE FIRE
ANO DE FABRICACAO: NAO PREENCHIDO
NOME DA CIDADE: NAO PREENCHIDO
QUANTIDADE DE VEICULOS: 54

MARCA DO VEICULO: FIAT
MODELO DO VEICULO: UNO MILLE SX
ANO DE FABRICACAO: 1996
NOME DA CIDADE: CASSIA
QUANTIDADE DE VEICULOS: 13

MARCA DO VEICULO: HONDA
MODELO DO VEICULO: NXR150 BROS ES
ANO DE FABRICACAO: 2009
NOME DA CIDADE: VILA VELHA
QUANTIDADE DE VEICULOS: 54

MARCA DO VEICULO: NAO PREENCHIDO
MODELO DO VEICULO: CG 150 TITAN KS
ANO DE FABRICACAO: 2004
NOME DA CIDADE: TRAIRI
QUANTIDADE DE VEICULOS: 54

MARCA DO VEICULO: VW
MODELO DO VEICULO: FUSCA 1300 L
ANO DE FABRICACAO: 1977
NOME DA CIDADE: ITAPECERICA
QUANTIDADE DE VEICULOS: 11

MARCA DO VEICULO: NAO PREENCHIDO
MODELO DO VEICULO: C3 90M TENDANCE
ANO DE FABRICACAO: NAO PREENCHIDO
NOME DA CIDADE: VARZEA GRANDE
QUANTIDADE DE VEICULOS: 18

MARCA DO VEICULO: HONDA
MODELO DO VEICULO: NAO PREENCHIDO
ANO DE FABRICACAO: 2009
NOME DA CIDADE: FORMOSA DA SERRA NEGRA
QUANTIDADE DE VEICULOS: 34

MARCA DO VEICULO: VW
MODELO DO VEICULO: NAO PREENCHIDO
ANO DE FABRICACAO: 2009
NOME DA CIDADE: NAO PREENCHIDO
QUANTIDADE DE VEICULOS: 13

MARCA DO VEICULO: HYUNDAI
MODELO DO VEICULO: NAO PREENCHIDO
ANO DE FABRICACAO: 2017
NOME DA CIDADE: NITEROI
QUANTIDADE DE VEICULOS: 15

MARCA DO VEICULO: FIAT
MODELO DO VEICULO: UNO
ANO DE FABRICACAO: 1986
NOME DA CIDADE: NAO PREENCHIDO
QUANTIDADE DE VEICULOS: 42

MARCA DO VEICULO: VW
MODELO DO VEICULO: NAO PREENCHIDO
ANO DE FABRICACAO: 2000
NOME DA CIDADE: CACHOEIRO DE ITAPEMIRIM
QUANTIDADE DE VEICULOS: 19

MARCA DO VEICULO: VW
MODELO DO VEICULO: NAO PREENCHIDO
ANO DE FABRICACAO: NAO PREENCHIDO
NOME DA CIDADE: NAO PREENCHIDO
QUANTIDADE DE VEICULOS: 10

MARCA DO VEICULO: FIAT
MODELO DO VEICULO: NAO PREENCHIDO
ANO DE FABRICACAO: 2008
NOME DA CIDADE: NAO PREENCHIDO
QUANTIDADE DE VEICULOS: 53

MARCA DO VEICULO: NAO PREENCHIDO
MODELO DO VEICULO: CG 125 FAN KS
ANO DE FABRICACAO: 2012
NOME DA CIDADE: CARAUARI
QUANTIDADE DE VEICULOS: 14

MARCA DO VEICULO: VW
MODELO DO VEICULO: NAO PREENCHIDO
ANO DE FABRICACAO: 2006
NOME DA CIDADE: VARZEA GRANDE
QUANTIDADE DE VEICULOS: 20

MARCA DO VEICULO: SR
MODELO DO VEICULO: LIBRELATO SRCA 2E
ANO DE FABRICACAO: 2019
NOME DA CIDADE: ITUPIRANGA
QUANTIDADE DE VEICULOS: 14

MARCA DO VEICULO: NAO PREENCHIDO
MODELO DO VEICULO: FRONTIER XE 4X2
ANO DE FABRICACAO: 2012
NOME DA CIDADE: VITORIA DA CONQUISTA
QUANTIDADE DE VEICULOS: 17

MARCA DO VEICULO: HONDA
MODELO DO VEICULO: NAO PREENCHIDO
ANO DE FABRICACAO: NAO PREENCHIDO
NOME DA CIDADE: CURITIBA
QUANTIDADE DE VEICULOS: 53

MARCA DO VEICULO: FIAT
MODELO DO VEICULO: STRADA VOLCANO 13CD
ANO DE FABRICACAO: NAO PREENCHIDO
NOME DA CIDADE: ITUIUTABA
QUANTIDADE DE VEICULOS: 23

MARCA DO VEICULO: HONDA
MODELO DO VEICULO: CG150 TITAN MIX KS
ANO DE FABRICACAO: 2010
NOME DA CIDADE: NAO PREENCHIDO
QUANTIDADE DE VEICULOS: 12

MARCA DO VEICULO: YAMAHA
MODELO DO VEICULO: NAO PREENCHIDO
ANO DE FABRICACAO: NAO PREENCHIDO
NOME DA CIDADE: LUZIANIA
QUANTIDADE DE VEICULOS: 11

MARCA DO VEICULO: NAO PREENCHIDO
MODELO DO VEICULO: C100 BIZ MAIS
ANO DE FABRICACAO: 2005
NOME DA CIDADE: NAO PREENCHIDO
QUANTIDADE DE VEICULOS: 12

